#
# There is insufficient memory for the Java Runtime Environment to continue.
# Native memory allocation (malloc) failed to allocate 1195216 bytes for Chunk::new
# Possible reasons:
#   The system is out of physical RAM or swap space
#   The process is running with CompressedOops enabled, and the Java Heap may be blocking the growth of the native heap
# Possible solutions:
#   Reduce memory load on the system
#   Increase physical memory or swap space
#   Check if swap backing store is full
#   Decrease Java heap size (-Xmx/-Xms)
#   Decrease number of Java threads
#   Decrease Java thread stack sizes (-Xss)
#   Set larger code cache with -XX:ReservedCodeCacheSize=
#   JVM is running with Zero Based Compressed Oops mode in which the Java heap is
#     placed in the first 32GB address space. The Java Heap base address is the
#     maximum limit for the native heap growth. Please use -XX:HeapBaseMinAddress
#     to set the Java Heap base and to place the Java Heap above 32GB virtual address.
# This output file may be truncated or incomplete.
#
#  Out of Memory Error (./src/hotspot/share/memory/arena.cpp:197), pid=17956, tid=3180
#
# JRE version: OpenJDK Runtime Environment (11.0.11+9) (build 11.0.11+9-b60-7590822)
# Java VM: OpenJDK 64-Bit Server VM (11.0.11+9-b60-7590822, mixed mode, tiered, compressed oops, g1 gc, windows-amd64)
# No core dump will be written. Minidumps are not enabled by default on client versions of Windows
#

---------------  S U M M A R Y ------------

Command Line: org.jetbrains.kotlin.cli.jvm.K2JVMCompiler @E:\Room4\TrackCalories\nutritionx\node_modules\react-native-screens\android\build\20221026_17853750305020510330.compiler.options

Host: Intel(R) Core(TM) i5-8265U CPU @ 1.60GHz, 8 cores, 19G,  Windows 10 , 64 bit Build 19041 (10.0.19041.1889)
Time: Wed Oct 26 13:00:58 2022 Финляндия (лето) elapsed time: 18.707018 seconds (0d 0h 0m 18s)

---------------  T H R E A D  ---------------

Current thread (0x000002437c4da800):  JavaThread "C2 CompilerThread2" daemon [_thread_in_native, id=3180, stack(0x0000004466600000,0x0000004466700000)]


Current CompileTask:
C2:  18707 7170       4       org.jetbrains.kotlin.types.TypeSubstitutor::substitute (55 bytes)

Stack: [0x0000004466600000,0x0000004466700000]
Native frames: (J=compiled Java code, j=interpreted, Vv=VM code, C=native code)
V  [jvm.dll+0x5f214a]
V  [jvm.dll+0x726fb5]
V  [jvm.dll+0x7285cd]
V  [jvm.dll+0x728c83]
V  [jvm.dll+0x243278]
V  [jvm.dll+0xbc53c]
V  [jvm.dll+0xbca3c]
V  [jvm.dll+0x353e7d]
V  [jvm.dll+0x321893]
V  [jvm.dll+0x320d8a]
V  [jvm.dll+0x1fc1e2]
V  [jvm.dll+0x1fb3d4]
V  [jvm.dll+0x183d6c]
V  [jvm.dll+0x209a57]
V  [jvm.dll+0x2082a1]
V  [jvm.dll+0x6ef58f]
V  [jvm.dll+0x6e80b5]
V  [jvm.dll+0x5f1036]
C  [ucrtbase.dll+0x21bb2]
C  [KERNEL32.DLL+0x17034]
C  [ntdll.dll+0x526a1]


---------------  P R O C E S S  ---------------

Threads class SMR info:
_java_thread_list=0x000002437b640f60, length=12, elements={
0x0000024354739800, 0x0000024378620000, 0x0000024378621000, 0x000002437867d800,
0x000002437867f000, 0x0000024378680000, 0x0000024378685000, 0x000002437868c000,
0x00000243786b6000, 0x0000024378850000, 0x000002437bbe9000, 0x000002437c4da800
}

Java Threads: ( => current thread )
  0x0000024354739800 JavaThread "main" [_thread_in_vm, id=3608, stack(0x0000004464a00000,0x0000004464b00000)]
  0x0000024378620000 JavaThread "Reference Handler" daemon [_thread_blocked, id=20884, stack(0x0000004465100000,0x0000004465200000)]
  0x0000024378621000 JavaThread "Finalizer" daemon [_thread_blocked, id=4180, stack(0x0000004465200000,0x0000004465300000)]
  0x000002437867d800 JavaThread "Signal Dispatcher" daemon [_thread_blocked, id=13072, stack(0x0000004465300000,0x0000004465400000)]
  0x000002437867f000 JavaThread "Attach Listener" daemon [_thread_blocked, id=19240, stack(0x0000004465400000,0x0000004465500000)]
  0x0000024378680000 JavaThread "Service Thread" daemon [_thread_blocked, id=16040, stack(0x0000004465500000,0x0000004465600000)]
  0x0000024378685000 JavaThread "C2 CompilerThread0" daemon [_thread_blocked, id=20004, stack(0x0000004465600000,0x0000004465700000)]
  0x000002437868c000 JavaThread "C1 CompilerThread0" daemon [_thread_in_native, id=6760, stack(0x0000004465700000,0x0000004465800000)]
  0x00000243786b6000 JavaThread "Sweeper thread" daemon [_thread_blocked, id=17480, stack(0x0000004465800000,0x0000004465900000)]
  0x0000024378850000 JavaThread "Common-Cleaner" daemon [_thread_blocked, id=21788, stack(0x0000004465a00000,0x0000004465b00000)]
  0x000002437bbe9000 JavaThread "C2 CompilerThread1" daemon [_thread_in_native, id=4644, stack(0x0000004466200000,0x0000004466300000)]
=>0x000002437c4da800 JavaThread "C2 CompilerThread2" daemon [_thread_in_native, id=3180, stack(0x0000004466600000,0x0000004466700000)]

Other Threads:
  0x00000243785fc000 VMThread "VM Thread" [stack: 0x0000004465000000,0x0000004465100000] [id=21508]
  0x0000024378845000 WatcherThread [stack: 0x0000004465900000,0x0000004465a00000] [id=13988]
  0x0000024354751000 GCTaskThread "GC Thread#0" [stack: 0x0000004464b00000,0x0000004464c00000] [id=21156]
  0x0000024378fbb800 GCTaskThread "GC Thread#1" [stack: 0x0000004465c00000,0x0000004465d00000] [id=17336]
  0x0000024378fbc000 GCTaskThread "GC Thread#2" [stack: 0x0000004465d00000,0x0000004465e00000] [id=9536]
  0x0000024378fbd000 GCTaskThread "GC Thread#3" [stack: 0x0000004465e00000,0x0000004465f00000] [id=15320]
  0x0000024378fc1800 GCTaskThread "GC Thread#4" [stack: 0x0000004465f00000,0x0000004466000000] [id=14888]
  0x0000024378fc3000 GCTaskThread "GC Thread#5" [stack: 0x0000004466000000,0x0000004466100000] [id=10404]
  0x0000024378f8f000 GCTaskThread "GC Thread#6" [stack: 0x0000004466100000,0x0000004466200000] [id=20956]
  0x00000243547c5800 ConcurrentGCThread "G1 Main Marker" [stack: 0x0000004464c00000,0x0000004464d00000] [id=8948]
  0x00000243547c7000 ConcurrentGCThread "G1 Conc#0" [stack: 0x0000004464d00000,0x0000004464e00000] [id=21080]
  0x00000243791fa000 ConcurrentGCThread "G1 Conc#1" [stack: 0x0000004465b00000,0x0000004465c00000] [id=1884]
  0x0000024377c61000 ConcurrentGCThread "G1 Refine#0" [stack: 0x0000004464e00000,0x0000004464f00000] [id=19444]
  0x0000024379a9d800 ConcurrentGCThread "G1 Refine#1" [stack: 0x0000004466300000,0x0000004466400000] [id=9260]
  0x00000243798b2000 ConcurrentGCThread "G1 Refine#2" [stack: 0x0000004466400000,0x0000004466500000] [id=17252]
  0x0000024379a9f000 ConcurrentGCThread "G1 Refine#3" [stack: 0x0000004466500000,0x0000004466600000] [id=3572]
  0x0000024377c63000 ConcurrentGCThread "G1 Young RemSet Sampling" [stack: 0x0000004464f00000,0x0000004465000000] [id=400]

Threads with active compile tasks:
C1 CompilerThread0  18733 7195       3       org.jetbrains.kotlin.resolve.lazy.declarations.AbstractPsiBasedDeclarationProvider::getPropertyDeclarations (41 bytes)
C2 CompilerThread1  18733 7076       4       org.jetbrains.org.objectweb.asm.ClassReader::readMethod (1061 bytes)
C2 CompilerThread2  18733 7170       4       org.jetbrains.kotlin.types.TypeSubstitutor::substitute (55 bytes)

VM state:not at safepoint (normal execution)

VM Mutex/Monitor currently owned by a thread: None

Heap address: 0x00000006c2600000, size: 5082 MB, Compressed Oops mode: Zero based, Oop shift amount: 3
Narrow klass base: 0x0000000800000000, Narrow klass shift: 0
Compressed class space size: 1073741824 Address: 0x0000000800000000

Heap:
 garbage-first heap   total 391168K, used 71062K [0x00000006c2600000, 0x0000000800000000)
  region size 1024K, 39 young (39936K), 10 survivors (10240K)
 Metaspace       used 59953K, capacity 60784K, committed 60880K, reserved 1103872K
  class space    used 6884K, capacity 7201K, committed 7296K, reserved 1048576K
Heap Regions: E=young(eden), S=young(survivor), O=old, HS=humongous(starts), HC=humongous(continues), CS=collection set, F=free, A=archive, TAMS=top-at-mark-start (previous, next)
|   0|0x00000006c2600000, 0x00000006c2700000, 0x00000006c2700000|100%|HS|  |TAMS 0x00000006c2700000, 0x00000006c2600000| Complete 
|   1|0x00000006c2700000, 0x00000006c2800000, 0x00000006c2800000|100%|HC|  |TAMS 0x00000006c2800000, 0x00000006c2700000| Complete 
|   2|0x00000006c2800000, 0x00000006c2900000, 0x00000006c2900000|100%|HC|  |TAMS 0x00000006c2900000, 0x00000006c2800000| Complete 
|   3|0x00000006c2900000, 0x00000006c2a00000, 0x00000006c2a00000|100%|HS|  |TAMS 0x00000006c2a00000, 0x00000006c2900000| Complete 
|   4|0x00000006c2a00000, 0x00000006c2b00000, 0x00000006c2b00000|100%|HC|  |TAMS 0x00000006c2b00000, 0x00000006c2a00000| Complete 
|   5|0x00000006c2b00000, 0x00000006c2c00000, 0x00000006c2c00000|100%|HC|  |TAMS 0x00000006c2c00000, 0x00000006c2b00000| Complete 
|   6|0x00000006c2c00000, 0x00000006c2d00000, 0x00000006c2d00000|100%|HS|  |TAMS 0x00000006c2d00000, 0x00000006c2c00000| Complete 
|   7|0x00000006c2d00000, 0x00000006c2e00000, 0x00000006c2e00000|100%|HC|  |TAMS 0x00000006c2e00000, 0x00000006c2d00000| Complete 
|   8|0x00000006c2e00000, 0x00000006c2f00000, 0x00000006c2f00000|100%| O|  |TAMS 0x00000006c2f00000, 0x00000006c2e00000| Untracked 
|   9|0x00000006c2f00000, 0x00000006c3000000, 0x00000006c3000000|100%| O|  |TAMS 0x00000006c3000000, 0x00000006c2f00000| Untracked 
|  10|0x00000006c3000000, 0x00000006c3100000, 0x00000006c3100000|100%| O|  |TAMS 0x00000006c3100000, 0x00000006c3000000| Untracked 
|  11|0x00000006c3100000, 0x00000006c3200000, 0x00000006c3200000|100%| O|  |TAMS 0x00000006c3200000, 0x00000006c3100000| Untracked 
|  12|0x00000006c3200000, 0x00000006c3300000, 0x00000006c3300000|100%| O|  |TAMS 0x00000006c3300000, 0x00000006c3200000| Untracked 
|  13|0x00000006c3300000, 0x00000006c3400000, 0x00000006c3400000|100%| O|  |TAMS 0x00000006c3400000, 0x00000006c3300000| Untracked 
|  14|0x00000006c3400000, 0x00000006c3500000, 0x00000006c3500000|100%| O|  |TAMS 0x00000006c3500000, 0x00000006c3400000| Untracked 
|  15|0x00000006c3500000, 0x00000006c3600000, 0x00000006c3600000|100%| O|  |TAMS 0x00000006c3600000, 0x00000006c3500000| Untracked 
|  16|0x00000006c3600000, 0x00000006c3700000, 0x00000006c3700000|100%| O|  |TAMS 0x00000006c3700000, 0x00000006c3600000| Untracked 
|  17|0x00000006c3700000, 0x00000006c3800000, 0x00000006c3800000|100%| O|  |TAMS 0x00000006c3800000, 0x00000006c3700000| Untracked 
|  18|0x00000006c3800000, 0x00000006c3900000, 0x00000006c3900000|100%| O|  |TAMS 0x00000006c3900000, 0x00000006c3800000| Untracked 
|  19|0x00000006c3900000, 0x00000006c3a00000, 0x00000006c3a00000|100%| O|  |TAMS 0x00000006c3a00000, 0x00000006c3900000| Untracked 
|  20|0x00000006c3a00000, 0x00000006c3b00000, 0x00000006c3b00000|100%| O|  |TAMS 0x00000006c3b00000, 0x00000006c3a00000| Untracked 
|  21|0x00000006c3b00000, 0x00000006c3c00000, 0x00000006c3c00000|100%| O|  |TAMS 0x00000006c3c00000, 0x00000006c3b00000| Untracked 
|  22|0x00000006c3c00000, 0x00000006c3d00000, 0x00000006c3d00000|100%| O|  |TAMS 0x00000006c3d00000, 0x00000006c3c00000| Untracked 
|  23|0x00000006c3d00000, 0x00000006c3e00000, 0x00000006c3e00000|100%| O|  |TAMS 0x00000006c3e00000, 0x00000006c3d00000| Untracked 
|  24|0x00000006c3e00000, 0x00000006c3f00000, 0x00000006c3f00000|100%| O|  |TAMS 0x00000006c3f00000, 0x00000006c3e00000| Untracked 
|  25|0x00000006c3f00000, 0x00000006c4000000, 0x00000006c4000000|100%| O|  |TAMS 0x00000006c4000000, 0x00000006c3f00000| Untracked 
|  26|0x00000006c4000000, 0x00000006c4100000, 0x00000006c4100000|100%| O|  |TAMS 0x00000006c4100000, 0x00000006c4000000| Untracked 
|  27|0x00000006c4100000, 0x00000006c4200000, 0x00000006c4200000|100%| O|  |TAMS 0x00000006c4200000, 0x00000006c4100000| Untracked 
|  28|0x00000006c4200000, 0x00000006c4300000, 0x00000006c4300000|100%| O|  |TAMS 0x00000006c4300000, 0x00000006c4200000| Untracked 
|  29|0x00000006c4300000, 0x00000006c4400000, 0x00000006c4400000|100%| O|  |TAMS 0x00000006c4400000, 0x00000006c4300000| Untracked 
|  30|0x00000006c4400000, 0x00000006c4500000, 0x00000006c4500000|100%| O|  |TAMS 0x00000006c4500000, 0x00000006c4400000| Untracked 
|  31|0x00000006c4500000, 0x00000006c4600000, 0x00000006c4600000|100%| O|  |TAMS 0x00000006c4600000, 0x00000006c4500000| Untracked 
|  32|0x00000006c4600000, 0x00000006c4634800, 0x00000006c4700000| 20%| O|  |TAMS 0x00000006c4634800, 0x00000006c4600000| Untracked 
|  33|0x00000006c4700000, 0x00000006c4700000, 0x00000006c4800000|  0%| F|  |TAMS 0x00000006c4700000, 0x00000006c4700000| Untracked 
|  34|0x00000006c4800000, 0x00000006c4800000, 0x00000006c4900000|  0%| F|  |TAMS 0x00000006c4800000, 0x00000006c4800000| Untracked 
|  35|0x00000006c4900000, 0x00000006c4900000, 0x00000006c4a00000|  0%| F|  |TAMS 0x00000006c4900000, 0x00000006c4900000| Untracked 
|  36|0x00000006c4a00000, 0x00000006c4a00000, 0x00000006c4b00000|  0%| F|  |TAMS 0x00000006c4a00000, 0x00000006c4a00000| Untracked 
|  37|0x00000006c4b00000, 0x00000006c4b00000, 0x00000006c4c00000|  0%| F|  |TAMS 0x00000006c4b00000, 0x00000006c4b00000| Untracked 
|  38|0x00000006c4c00000, 0x00000006c4c00000, 0x00000006c4d00000|  0%| F|  |TAMS 0x00000006c4c00000, 0x00000006c4c00000| Untracked 
|  39|0x00000006c4d00000, 0x00000006c4d00000, 0x00000006c4e00000|  0%| F|  |TAMS 0x00000006c4d00000, 0x00000006c4d00000| Untracked 
|  40|0x00000006c4e00000, 0x00000006c4e00000, 0x00000006c4f00000|  0%| F|  |TAMS 0x00000006c4e00000, 0x00000006c4e00000| Untracked 
|  41|0x00000006c4f00000, 0x00000006c4f00000, 0x00000006c5000000|  0%| F|  |TAMS 0x00000006c4f00000, 0x00000006c4f00000| Untracked 
|  42|0x00000006c5000000, 0x00000006c5000000, 0x00000006c5100000|  0%| F|  |TAMS 0x00000006c5000000, 0x00000006c5000000| Untracked 
|  43|0x00000006c5100000, 0x00000006c5100000, 0x00000006c5200000|  0%| F|  |TAMS 0x00000006c5100000, 0x00000006c5100000| Untracked 
|  44|0x00000006c5200000, 0x00000006c5200000, 0x00000006c5300000|  0%| F|  |TAMS 0x00000006c5200000, 0x00000006c5200000| Untracked 
|  45|0x00000006c5300000, 0x00000006c5300000, 0x00000006c5400000|  0%| F|  |TAMS 0x00000006c5300000, 0x00000006c5300000| Untracked 
|  46|0x00000006c5400000, 0x00000006c5400000, 0x00000006c5500000|  0%| F|  |TAMS 0x00000006c5400000, 0x00000006c5400000| Untracked 
|  47|0x00000006c5500000, 0x00000006c5500000, 0x00000006c5600000|  0%| F|  |TAMS 0x00000006c5500000, 0x00000006c5500000| Untracked 
|  48|0x00000006c5600000, 0x00000006c5600000, 0x00000006c5700000|  0%| F|  |TAMS 0x00000006c5600000, 0x00000006c5600000| Untracked 
|  49|0x00000006c5700000, 0x00000006c5700000, 0x00000006c5800000|  0%| F|  |TAMS 0x00000006c5700000, 0x00000006c5700000| Untracked 
|  50|0x00000006c5800000, 0x00000006c5800000, 0x00000006c5900000|  0%| F|  |TAMS 0x00000006c5800000, 0x00000006c5800000| Untracked 
|  51|0x00000006c5900000, 0x00000006c5900000, 0x00000006c5a00000|  0%| F|  |TAMS 0x00000006c5900000, 0x00000006c5900000| Untracked 
|  52|0x00000006c5a00000, 0x00000006c5a00000, 0x00000006c5b00000|  0%| F|  |TAMS 0x00000006c5a00000, 0x00000006c5a00000| Untracked 
|  53|0x00000006c5b00000, 0x00000006c5b00000, 0x00000006c5c00000|  0%| F|  |TAMS 0x00000006c5b00000, 0x00000006c5b00000| Untracked 
|  54|0x00000006c5c00000, 0x00000006c5c00000, 0x00000006c5d00000|  0%| F|  |TAMS 0x00000006c5c00000, 0x00000006c5c00000| Untracked 
|  55|0x00000006c5d00000, 0x00000006c5d00000, 0x00000006c5e00000|  0%| F|  |TAMS 0x00000006c5d00000, 0x00000006c5d00000| Untracked 
|  56|0x00000006c5e00000, 0x00000006c5e00000, 0x00000006c5f00000|  0%| F|  |TAMS 0x00000006c5e00000, 0x00000006c5e00000| Untracked 
|  57|0x00000006c5f00000, 0x00000006c5f00000, 0x00000006c6000000|  0%| F|  |TAMS 0x00000006c5f00000, 0x00000006c5f00000| Untracked 
|  58|0x00000006c6000000, 0x00000006c6000000, 0x00000006c6100000|  0%| F|  |TAMS 0x00000006c6000000, 0x00000006c6000000| Untracked 
|  59|0x00000006c6100000, 0x00000006c6100000, 0x00000006c6200000|  0%| F|  |TAMS 0x00000006c6100000, 0x00000006c6100000| Untracked 
|  60|0x00000006c6200000, 0x00000006c6200000, 0x00000006c6300000|  0%| F|  |TAMS 0x00000006c6200000, 0x00000006c6200000| Untracked 
|  61|0x00000006c6300000, 0x00000006c6300000, 0x00000006c6400000|  0%| F|  |TAMS 0x00000006c6300000, 0x00000006c6300000| Untracked 
|  62|0x00000006c6400000, 0x00000006c6400000, 0x00000006c6500000|  0%| F|  |TAMS 0x00000006c6400000, 0x00000006c6400000| Untracked 
|  63|0x00000006c6500000, 0x00000006c6500000, 0x00000006c6600000|  0%| F|  |TAMS 0x00000006c6500000, 0x00000006c6500000| Untracked 
|  64|0x00000006c6600000, 0x00000006c6600000, 0x00000006c6700000|  0%| F|  |TAMS 0x00000006c6600000, 0x00000006c6600000| Untracked 
|  65|0x00000006c6700000, 0x00000006c6700000, 0x00000006c6800000|  0%| F|  |TAMS 0x00000006c6700000, 0x00000006c6700000| Untracked 
|  66|0x00000006c6800000, 0x00000006c6800000, 0x00000006c6900000|  0%| F|  |TAMS 0x00000006c6800000, 0x00000006c6800000| Untracked 
|  67|0x00000006c6900000, 0x00000006c6900000, 0x00000006c6a00000|  0%| F|  |TAMS 0x00000006c6900000, 0x00000006c6900000| Untracked 
|  68|0x00000006c6a00000, 0x00000006c6a00000, 0x00000006c6b00000|  0%| F|  |TAMS 0x00000006c6a00000, 0x00000006c6a00000| Untracked 
|  69|0x00000006c6b00000, 0x00000006c6b00000, 0x00000006c6c00000|  0%| F|  |TAMS 0x00000006c6b00000, 0x00000006c6b00000| Untracked 
|  70|0x00000006c6c00000, 0x00000006c6c00000, 0x00000006c6d00000|  0%| F|  |TAMS 0x00000006c6c00000, 0x00000006c6c00000| Untracked 
|  71|0x00000006c6d00000, 0x00000006c6d00000, 0x00000006c6e00000|  0%| F|  |TAMS 0x00000006c6d00000, 0x00000006c6d00000| Untracked 
|  72|0x00000006c6e00000, 0x00000006c6e00000, 0x00000006c6f00000|  0%| F|  |TAMS 0x00000006c6e00000, 0x00000006c6e00000| Untracked 
|  73|0x00000006c6f00000, 0x00000006c6f00000, 0x00000006c7000000|  0%| F|  |TAMS 0x00000006c6f00000, 0x00000006c6f00000| Untracked 
|  74|0x00000006c7000000, 0x00000006c7000000, 0x00000006c7100000|  0%| F|  |TAMS 0x00000006c7000000, 0x00000006c7000000| Untracked 
|  75|0x00000006c7100000, 0x00000006c7100000, 0x00000006c7200000|  0%| F|  |TAMS 0x00000006c7100000, 0x00000006c7100000| Untracked 
|  76|0x00000006c7200000, 0x00000006c7200000, 0x00000006c7300000|  0%| F|  |TAMS 0x00000006c7200000, 0x00000006c7200000| Untracked 
|  77|0x00000006c7300000, 0x00000006c7300000, 0x00000006c7400000|  0%| F|  |TAMS 0x00000006c7300000, 0x00000006c7300000| Untracked 
|  78|0x00000006c7400000, 0x00000006c7400000, 0x00000006c7500000|  0%| F|  |TAMS 0x00000006c7400000, 0x00000006c7400000| Untracked 
|  79|0x00000006c7500000, 0x00000006c7500000, 0x00000006c7600000|  0%| F|  |TAMS 0x00000006c7500000, 0x00000006c7500000| Untracked 
|  80|0x00000006c7600000, 0x00000006c7600000, 0x00000006c7700000|  0%| F|  |TAMS 0x00000006c7600000, 0x00000006c7600000| Untracked 
|  81|0x00000006c7700000, 0x00000006c7700000, 0x00000006c7800000|  0%| F|  |TAMS 0x00000006c7700000, 0x00000006c7700000| Untracked 
|  82|0x00000006c7800000, 0x00000006c7800000, 0x00000006c7900000|  0%| F|  |TAMS 0x00000006c7800000, 0x00000006c7800000| Untracked 
|  83|0x00000006c7900000, 0x00000006c7900000, 0x00000006c7a00000|  0%| F|  |TAMS 0x00000006c7900000, 0x00000006c7900000| Untracked 
|  84|0x00000006c7a00000, 0x00000006c7a00000, 0x00000006c7b00000|  0%| F|  |TAMS 0x00000006c7a00000, 0x00000006c7a00000| Untracked 
|  85|0x00000006c7b00000, 0x00000006c7b00000, 0x00000006c7c00000|  0%| F|  |TAMS 0x00000006c7b00000, 0x00000006c7b00000| Untracked 
|  86|0x00000006c7c00000, 0x00000006c7c00000, 0x00000006c7d00000|  0%| F|  |TAMS 0x00000006c7c00000, 0x00000006c7c00000| Untracked 
|  87|0x00000006c7d00000, 0x00000006c7d00000, 0x00000006c7e00000|  0%| F|  |TAMS 0x00000006c7d00000, 0x00000006c7d00000| Untracked 
|  88|0x00000006c7e00000, 0x00000006c7e00000, 0x00000006c7f00000|  0%| F|  |TAMS 0x00000006c7e00000, 0x00000006c7e00000| Untracked 
|  89|0x00000006c7f00000, 0x00000006c7f00000, 0x00000006c8000000|  0%| F|  |TAMS 0x00000006c7f00000, 0x00000006c7f00000| Untracked 
|  90|0x00000006c8000000, 0x00000006c8000000, 0x00000006c8100000|  0%| F|  |TAMS 0x00000006c8000000, 0x00000006c8000000| Untracked 
|  91|0x00000006c8100000, 0x00000006c8100000, 0x00000006c8200000|  0%| F|  |TAMS 0x00000006c8100000, 0x00000006c8100000| Untracked 
|  92|0x00000006c8200000, 0x00000006c8200000, 0x00000006c8300000|  0%| F|  |TAMS 0x00000006c8200000, 0x00000006c8200000| Untracked 
|  93|0x00000006c8300000, 0x00000006c8300000, 0x00000006c8400000|  0%| F|  |TAMS 0x00000006c8300000, 0x00000006c8300000| Untracked 
|  94|0x00000006c8400000, 0x00000006c8400000, 0x00000006c8500000|  0%| F|  |TAMS 0x00000006c8400000, 0x00000006c8400000| Untracked 
|  95|0x00000006c8500000, 0x00000006c8500000, 0x00000006c8600000|  0%| F|  |TAMS 0x00000006c8500000, 0x00000006c8500000| Untracked 
|  96|0x00000006c8600000, 0x00000006c8600000, 0x00000006c8700000|  0%| F|  |TAMS 0x00000006c8600000, 0x00000006c8600000| Untracked 
|  97|0x00000006c8700000, 0x00000006c8700000, 0x00000006c8800000|  0%| F|  |TAMS 0x00000006c8700000, 0x00000006c8700000| Untracked 
|  98|0x00000006c8800000, 0x00000006c8800000, 0x00000006c8900000|  0%| F|  |TAMS 0x00000006c8800000, 0x00000006c8800000| Untracked 
|  99|0x00000006c8900000, 0x00000006c8900000, 0x00000006c8a00000|  0%| F|  |TAMS 0x00000006c8900000, 0x00000006c8900000| Untracked 
| 100|0x00000006c8a00000, 0x00000006c8a00000, 0x00000006c8b00000|  0%| F|  |TAMS 0x00000006c8a00000, 0x00000006c8a00000| Untracked 
| 101|0x00000006c8b00000, 0x00000006c8b00000, 0x00000006c8c00000|  0%| F|  |TAMS 0x00000006c8b00000, 0x00000006c8b00000| Untracked 
| 102|0x00000006c8c00000, 0x00000006c8c00000, 0x00000006c8d00000|  0%| F|  |TAMS 0x00000006c8c00000, 0x00000006c8c00000| Untracked 
| 103|0x00000006c8d00000, 0x00000006c8d00000, 0x00000006c8e00000|  0%| F|  |TAMS 0x00000006c8d00000, 0x00000006c8d00000| Untracked 
| 104|0x00000006c8e00000, 0x00000006c8e00000, 0x00000006c8f00000|  0%| F|  |TAMS 0x00000006c8e00000, 0x00000006c8e00000| Untracked 
| 105|0x00000006c8f00000, 0x00000006c8f00000, 0x00000006c9000000|  0%| F|  |TAMS 0x00000006c8f00000, 0x00000006c8f00000| Untracked 
| 106|0x00000006c9000000, 0x00000006c9000000, 0x00000006c9100000|  0%| F|  |TAMS 0x00000006c9000000, 0x00000006c9000000| Untracked 
| 107|0x00000006c9100000, 0x00000006c9100000, 0x00000006c9200000|  0%| F|  |TAMS 0x00000006c9100000, 0x00000006c9100000| Untracked 
| 108|0x00000006c9200000, 0x00000006c9200000, 0x00000006c9300000|  0%| F|  |TAMS 0x00000006c9200000, 0x00000006c9200000| Untracked 
| 109|0x00000006c9300000, 0x00000006c9300000, 0x00000006c9400000|  0%| F|  |TAMS 0x00000006c9300000, 0x00000006c9300000| Untracked 
| 110|0x00000006c9400000, 0x00000006c9400000, 0x00000006c9500000|  0%| F|  |TAMS 0x00000006c9400000, 0x00000006c9400000| Untracked 
| 111|0x00000006c9500000, 0x00000006c9500000, 0x00000006c9600000|  0%| F|  |TAMS 0x00000006c9500000, 0x00000006c9500000| Untracked 
| 112|0x00000006c9600000, 0x00000006c9600000, 0x00000006c9700000|  0%| F|  |TAMS 0x00000006c9600000, 0x00000006c9600000| Untracked 
| 113|0x00000006c9700000, 0x00000006c9700000, 0x00000006c9800000|  0%| F|  |TAMS 0x00000006c9700000, 0x00000006c9700000| Untracked 
| 114|0x00000006c9800000, 0x00000006c9800000, 0x00000006c9900000|  0%| F|  |TAMS 0x00000006c9800000, 0x00000006c9800000| Untracked 
| 115|0x00000006c9900000, 0x00000006c9900000, 0x00000006c9a00000|  0%| F|  |TAMS 0x00000006c9900000, 0x00000006c9900000| Untracked 
| 116|0x00000006c9a00000, 0x00000006c9a00000, 0x00000006c9b00000|  0%| F|  |TAMS 0x00000006c9a00000, 0x00000006c9a00000| Untracked 
| 117|0x00000006c9b00000, 0x00000006c9b00000, 0x00000006c9c00000|  0%| F|  |TAMS 0x00000006c9b00000, 0x00000006c9b00000| Untracked 
| 118|0x00000006c9c00000, 0x00000006c9c00000, 0x00000006c9d00000|  0%| F|  |TAMS 0x00000006c9c00000, 0x00000006c9c00000| Untracked 
| 119|0x00000006c9d00000, 0x00000006c9d00000, 0x00000006c9e00000|  0%| F|  |TAMS 0x00000006c9d00000, 0x00000006c9d00000| Untracked 
| 120|0x00000006c9e00000, 0x00000006c9e00000, 0x00000006c9f00000|  0%| F|  |TAMS 0x00000006c9e00000, 0x00000006c9e00000| Untracked 
| 121|0x00000006c9f00000, 0x00000006c9f00000, 0x00000006ca000000|  0%| F|  |TAMS 0x00000006c9f00000, 0x00000006c9f00000| Untracked 
| 122|0x00000006ca000000, 0x00000006ca000000, 0x00000006ca100000|  0%| F|  |TAMS 0x00000006ca000000, 0x00000006ca000000| Untracked 
| 123|0x00000006ca100000, 0x00000006ca100000, 0x00000006ca200000|  0%| F|  |TAMS 0x00000006ca100000, 0x00000006ca100000| Untracked 
| 124|0x00000006ca200000, 0x00000006ca200000, 0x00000006ca300000|  0%| F|  |TAMS 0x00000006ca200000, 0x00000006ca200000| Untracked 
| 125|0x00000006ca300000, 0x00000006ca300000, 0x00000006ca400000|  0%| F|  |TAMS 0x00000006ca300000, 0x00000006ca300000| Untracked 
| 126|0x00000006ca400000, 0x00000006ca400000, 0x00000006ca500000|  0%| F|  |TAMS 0x00000006ca400000, 0x00000006ca400000| Untracked 
| 127|0x00000006ca500000, 0x00000006ca500000, 0x00000006ca600000|  0%| F|  |TAMS 0x00000006ca500000, 0x00000006ca500000| Untracked 
| 128|0x00000006ca600000, 0x00000006ca600000, 0x00000006ca700000|  0%| F|  |TAMS 0x00000006ca600000, 0x00000006ca600000| Untracked 
| 129|0x00000006ca700000, 0x00000006ca700000, 0x00000006ca800000|  0%| F|  |TAMS 0x00000006ca700000, 0x00000006ca700000| Untracked 
| 130|0x00000006ca800000, 0x00000006ca800000, 0x00000006ca900000|  0%| F|  |TAMS 0x00000006ca800000, 0x00000006ca800000| Untracked 
| 131|0x00000006ca900000, 0x00000006ca900000, 0x00000006caa00000|  0%| F|  |TAMS 0x00000006ca900000, 0x00000006ca900000| Untracked 
| 132|0x00000006caa00000, 0x00000006caa00000, 0x00000006cab00000|  0%| F|  |TAMS 0x00000006caa00000, 0x00000006caa00000| Untracked 
| 133|0x00000006cab00000, 0x00000006cab00000, 0x00000006cac00000|  0%| F|  |TAMS 0x00000006cab00000, 0x00000006cab00000| Untracked 
| 134|0x00000006cac00000, 0x00000006cac00000, 0x00000006cad00000|  0%| F|  |TAMS 0x00000006cac00000, 0x00000006cac00000| Untracked 
| 135|0x00000006cad00000, 0x00000006cad00000, 0x00000006cae00000|  0%| F|  |TAMS 0x00000006cad00000, 0x00000006cad00000| Untracked 
| 136|0x00000006cae00000, 0x00000006cae00000, 0x00000006caf00000|  0%| F|  |TAMS 0x00000006cae00000, 0x00000006cae00000| Untracked 
| 137|0x00000006caf00000, 0x00000006caf00000, 0x00000006cb000000|  0%| F|  |TAMS 0x00000006caf00000, 0x00000006caf00000| Untracked 
| 138|0x00000006cb000000, 0x00000006cb000000, 0x00000006cb100000|  0%| F|  |TAMS 0x00000006cb000000, 0x00000006cb000000| Untracked 
| 139|0x00000006cb100000, 0x00000006cb100000, 0x00000006cb200000|  0%| F|  |TAMS 0x00000006cb100000, 0x00000006cb100000| Untracked 
| 140|0x00000006cb200000, 0x00000006cb200000, 0x00000006cb300000|  0%| F|  |TAMS 0x00000006cb200000, 0x00000006cb200000| Untracked 
| 141|0x00000006cb300000, 0x00000006cb300000, 0x00000006cb400000|  0%| F|  |TAMS 0x00000006cb300000, 0x00000006cb300000| Untracked 
| 142|0x00000006cb400000, 0x00000006cb400000, 0x00000006cb500000|  0%| F|  |TAMS 0x00000006cb400000, 0x00000006cb400000| Untracked 
| 143|0x00000006cb500000, 0x00000006cb500000, 0x00000006cb600000|  0%| F|  |TAMS 0x00000006cb500000, 0x00000006cb500000| Untracked 
| 144|0x00000006cb600000, 0x00000006cb600000, 0x00000006cb700000|  0%| F|  |TAMS 0x00000006cb600000, 0x00000006cb600000| Untracked 
| 145|0x00000006cb700000, 0x00000006cb700000, 0x00000006cb800000|  0%| F|  |TAMS 0x00000006cb700000, 0x00000006cb700000| Untracked 
| 146|0x00000006cb800000, 0x00000006cb800000, 0x00000006cb900000|  0%| F|  |TAMS 0x00000006cb800000, 0x00000006cb800000| Untracked 
| 147|0x00000006cb900000, 0x00000006cb900000, 0x00000006cba00000|  0%| F|  |TAMS 0x00000006cb900000, 0x00000006cb900000| Untracked 
| 148|0x00000006cba00000, 0x00000006cba00000, 0x00000006cbb00000|  0%| F|  |TAMS 0x00000006cba00000, 0x00000006cba00000| Untracked 
| 149|0x00000006cbb00000, 0x00000006cbb00000, 0x00000006cbc00000|  0%| F|  |TAMS 0x00000006cbb00000, 0x00000006cbb00000| Untracked 
| 150|0x00000006cbc00000, 0x00000006cbc00000, 0x00000006cbd00000|  0%| F|  |TAMS 0x00000006cbc00000, 0x00000006cbc00000| Untracked 
| 151|0x00000006cbd00000, 0x00000006cbd00000, 0x00000006cbe00000|  0%| F|  |TAMS 0x00000006cbd00000, 0x00000006cbd00000| Untracked 
| 152|0x00000006cbe00000, 0x00000006cbe00000, 0x00000006cbf00000|  0%| F|  |TAMS 0x00000006cbe00000, 0x00000006cbe00000| Untracked 
| 153|0x00000006cbf00000, 0x00000006cbf00000, 0x00000006cc000000|  0%| F|  |TAMS 0x00000006cbf00000, 0x00000006cbf00000| Untracked 
| 154|0x00000006cc000000, 0x00000006cc000000, 0x00000006cc100000|  0%| F|  |TAMS 0x00000006cc000000, 0x00000006cc000000| Untracked 
| 155|0x00000006cc100000, 0x00000006cc100000, 0x00000006cc200000|  0%| F|  |TAMS 0x00000006cc100000, 0x00000006cc100000| Untracked 
| 156|0x00000006cc200000, 0x00000006cc200000, 0x00000006cc300000|  0%| F|  |TAMS 0x00000006cc200000, 0x00000006cc200000| Untracked 
| 157|0x00000006cc300000, 0x00000006cc300000, 0x00000006cc400000|  0%| F|  |TAMS 0x00000006cc300000, 0x00000006cc300000| Untracked 
| 158|0x00000006cc400000, 0x00000006cc400000, 0x00000006cc500000|  0%| F|  |TAMS 0x00000006cc400000, 0x00000006cc400000| Untracked 
| 159|0x00000006cc500000, 0x00000006cc500000, 0x00000006cc600000|  0%| F|  |TAMS 0x00000006cc500000, 0x00000006cc500000| Untracked 
| 160|0x00000006cc600000, 0x00000006cc600000, 0x00000006cc700000|  0%| F|  |TAMS 0x00000006cc600000, 0x00000006cc600000| Untracked 
| 161|0x00000006cc700000, 0x00000006cc700000, 0x00000006cc800000|  0%| F|  |TAMS 0x00000006cc700000, 0x00000006cc700000| Untracked 
| 162|0x00000006cc800000, 0x00000006cc800000, 0x00000006cc900000|  0%| F|  |TAMS 0x00000006cc800000, 0x00000006cc800000| Untracked 
| 163|0x00000006cc900000, 0x00000006cc900000, 0x00000006cca00000|  0%| F|  |TAMS 0x00000006cc900000, 0x00000006cc900000| Untracked 
| 164|0x00000006cca00000, 0x00000006cca00000, 0x00000006ccb00000|  0%| F|  |TAMS 0x00000006cca00000, 0x00000006cca00000| Untracked 
| 165|0x00000006ccb00000, 0x00000006ccb00000, 0x00000006ccc00000|  0%| F|  |TAMS 0x00000006ccb00000, 0x00000006ccb00000| Untracked 
| 166|0x00000006ccc00000, 0x00000006ccc00000, 0x00000006ccd00000|  0%| F|  |TAMS 0x00000006ccc00000, 0x00000006ccc00000| Untracked 
| 167|0x00000006ccd00000, 0x00000006ccd00000, 0x00000006cce00000|  0%| F|  |TAMS 0x00000006ccd00000, 0x00000006ccd00000| Untracked 
| 168|0x00000006cce00000, 0x00000006cce00000, 0x00000006ccf00000|  0%| F|  |TAMS 0x00000006cce00000, 0x00000006cce00000| Untracked 
| 169|0x00000006ccf00000, 0x00000006ccf00000, 0x00000006cd000000|  0%| F|  |TAMS 0x00000006ccf00000, 0x00000006ccf00000| Untracked 
| 170|0x00000006cd000000, 0x00000006cd000000, 0x00000006cd100000|  0%| F|  |TAMS 0x00000006cd000000, 0x00000006cd000000| Untracked 
| 171|0x00000006cd100000, 0x00000006cd100000, 0x00000006cd200000|  0%| F|  |TAMS 0x00000006cd100000, 0x00000006cd100000| Untracked 
| 172|0x00000006cd200000, 0x00000006cd200000, 0x00000006cd300000|  0%| F|  |TAMS 0x00000006cd200000, 0x00000006cd200000| Untracked 
| 173|0x00000006cd300000, 0x00000006cd300000, 0x00000006cd400000|  0%| F|  |TAMS 0x00000006cd300000, 0x00000006cd300000| Untracked 
| 174|0x00000006cd400000, 0x00000006cd400000, 0x00000006cd500000|  0%| F|  |TAMS 0x00000006cd400000, 0x00000006cd400000| Untracked 
| 175|0x00000006cd500000, 0x00000006cd500000, 0x00000006cd600000|  0%| F|  |TAMS 0x00000006cd500000, 0x00000006cd500000| Untracked 
| 176|0x00000006cd600000, 0x00000006cd600000, 0x00000006cd700000|  0%| F|  |TAMS 0x00000006cd600000, 0x00000006cd600000| Untracked 
| 177|0x00000006cd700000, 0x00000006cd700000, 0x00000006cd800000|  0%| F|  |TAMS 0x00000006cd700000, 0x00000006cd700000| Untracked 
| 178|0x00000006cd800000, 0x00000006cd800000, 0x00000006cd900000|  0%| F|  |TAMS 0x00000006cd800000, 0x00000006cd800000| Untracked 
| 179|0x00000006cd900000, 0x00000006cd900000, 0x00000006cda00000|  0%| F|  |TAMS 0x00000006cd900000, 0x00000006cd900000| Untracked 
| 180|0x00000006cda00000, 0x00000006cda00000, 0x00000006cdb00000|  0%| F|  |TAMS 0x00000006cda00000, 0x00000006cda00000| Untracked 
| 181|0x00000006cdb00000, 0x00000006cdb00000, 0x00000006cdc00000|  0%| F|  |TAMS 0x00000006cdb00000, 0x00000006cdb00000| Untracked 
| 182|0x00000006cdc00000, 0x00000006cdc00000, 0x00000006cdd00000|  0%| F|  |TAMS 0x00000006cdc00000, 0x00000006cdc00000| Untracked 
| 183|0x00000006cdd00000, 0x00000006cdd00000, 0x00000006cde00000|  0%| F|  |TAMS 0x00000006cdd00000, 0x00000006cdd00000| Untracked 
| 184|0x00000006cde00000, 0x00000006cde00000, 0x00000006cdf00000|  0%| F|  |TAMS 0x00000006cde00000, 0x00000006cde00000| Untracked 
| 185|0x00000006cdf00000, 0x00000006cdf00000, 0x00000006ce000000|  0%| F|  |TAMS 0x00000006cdf00000, 0x00000006cdf00000| Untracked 
| 186|0x00000006ce000000, 0x00000006ce000000, 0x00000006ce100000|  0%| F|  |TAMS 0x00000006ce000000, 0x00000006ce000000| Untracked 
| 187|0x00000006ce100000, 0x00000006ce100000, 0x00000006ce200000|  0%| F|  |TAMS 0x00000006ce100000, 0x00000006ce100000| Untracked 
| 188|0x00000006ce200000, 0x00000006ce200000, 0x00000006ce300000|  0%| F|  |TAMS 0x00000006ce200000, 0x00000006ce200000| Untracked 
| 189|0x00000006ce300000, 0x00000006ce300000, 0x00000006ce400000|  0%| F|  |TAMS 0x00000006ce300000, 0x00000006ce300000| Untracked 
| 190|0x00000006ce400000, 0x00000006ce400000, 0x00000006ce500000|  0%| F|  |TAMS 0x00000006ce400000, 0x00000006ce400000| Untracked 
| 191|0x00000006ce500000, 0x00000006ce500000, 0x00000006ce600000|  0%| F|  |TAMS 0x00000006ce500000, 0x00000006ce500000| Untracked 
| 192|0x00000006ce600000, 0x00000006ce600000, 0x00000006ce700000|  0%| F|  |TAMS 0x00000006ce600000, 0x00000006ce600000| Untracked 
| 193|0x00000006ce700000, 0x00000006ce700000, 0x00000006ce800000|  0%| F|  |TAMS 0x00000006ce700000, 0x00000006ce700000| Untracked 
| 194|0x00000006ce800000, 0x00000006ce800000, 0x00000006ce900000|  0%| F|  |TAMS 0x00000006ce800000, 0x00000006ce800000| Untracked 
| 195|0x00000006ce900000, 0x00000006ce900000, 0x00000006cea00000|  0%| F|  |TAMS 0x00000006ce900000, 0x00000006ce900000| Untracked 
| 196|0x00000006cea00000, 0x00000006cea00000, 0x00000006ceb00000|  0%| F|  |TAMS 0x00000006cea00000, 0x00000006cea00000| Untracked 
| 197|0x00000006ceb00000, 0x00000006ceb00000, 0x00000006cec00000|  0%| F|  |TAMS 0x00000006ceb00000, 0x00000006ceb00000| Untracked 
| 198|0x00000006cec00000, 0x00000006cec00000, 0x00000006ced00000|  0%| F|  |TAMS 0x00000006cec00000, 0x00000006cec00000| Untracked 
| 199|0x00000006ced00000, 0x00000006ced00000, 0x00000006cee00000|  0%| F|  |TAMS 0x00000006ced00000, 0x00000006ced00000| Untracked 
| 200|0x00000006cee00000, 0x00000006cee00000, 0x00000006cef00000|  0%| F|  |TAMS 0x00000006cee00000, 0x00000006cee00000| Untracked 
| 201|0x00000006cef00000, 0x00000006cef00000, 0x00000006cf000000|  0%| F|  |TAMS 0x00000006cef00000, 0x00000006cef00000| Untracked 
| 202|0x00000006cf000000, 0x00000006cf000000, 0x00000006cf100000|  0%| F|  |TAMS 0x00000006cf000000, 0x00000006cf000000| Untracked 
| 203|0x00000006cf100000, 0x00000006cf100000, 0x00000006cf200000|  0%| F|  |TAMS 0x00000006cf100000, 0x00000006cf100000| Untracked 
| 204|0x00000006cf200000, 0x00000006cf200000, 0x00000006cf300000|  0%| F|  |TAMS 0x00000006cf200000, 0x00000006cf200000| Untracked 
| 205|0x00000006cf300000, 0x00000006cf300000, 0x00000006cf400000|  0%| F|  |TAMS 0x00000006cf300000, 0x00000006cf300000| Untracked 
| 206|0x00000006cf400000, 0x00000006cf400000, 0x00000006cf500000|  0%| F|  |TAMS 0x00000006cf400000, 0x00000006cf400000| Untracked 
| 207|0x00000006cf500000, 0x00000006cf500000, 0x00000006cf600000|  0%| F|  |TAMS 0x00000006cf500000, 0x00000006cf500000| Untracked 
| 208|0x00000006cf600000, 0x00000006cf600000, 0x00000006cf700000|  0%| F|  |TAMS 0x00000006cf600000, 0x00000006cf600000| Untracked 
| 209|0x00000006cf700000, 0x00000006cf700000, 0x00000006cf800000|  0%| F|  |TAMS 0x00000006cf700000, 0x00000006cf700000| Untracked 
| 210|0x00000006cf800000, 0x00000006cf800000, 0x00000006cf900000|  0%| F|  |TAMS 0x00000006cf800000, 0x00000006cf800000| Untracked 
| 211|0x00000006cf900000, 0x00000006cf900000, 0x00000006cfa00000|  0%| F|  |TAMS 0x00000006cf900000, 0x00000006cf900000| Untracked 
| 212|0x00000006cfa00000, 0x00000006cfa00000, 0x00000006cfb00000|  0%| F|  |TAMS 0x00000006cfa00000, 0x00000006cfa00000| Untracked 
| 213|0x00000006cfb00000, 0x00000006cfb00000, 0x00000006cfc00000|  0%| F|  |TAMS 0x00000006cfb00000, 0x00000006cfb00000| Untracked 
| 214|0x00000006cfc00000, 0x00000006cfc00000, 0x00000006cfd00000|  0%| F|  |TAMS 0x00000006cfc00000, 0x00000006cfc00000| Untracked 
| 215|0x00000006cfd00000, 0x00000006cfd00000, 0x00000006cfe00000|  0%| F|  |TAMS 0x00000006cfd00000, 0x00000006cfd00000| Untracked 
| 216|0x00000006cfe00000, 0x00000006cfe00000, 0x00000006cff00000|  0%| F|  |TAMS 0x00000006cfe00000, 0x00000006cfe00000| Untracked 
| 217|0x00000006cff00000, 0x00000006cff00000, 0x00000006d0000000|  0%| F|  |TAMS 0x00000006cff00000, 0x00000006cff00000| Untracked 
| 218|0x00000006d0000000, 0x00000006d0000000, 0x00000006d0100000|  0%| F|  |TAMS 0x00000006d0000000, 0x00000006d0000000| Untracked 
| 219|0x00000006d0100000, 0x00000006d0100000, 0x00000006d0200000|  0%| F|  |TAMS 0x00000006d0100000, 0x00000006d0100000| Untracked 
| 220|0x00000006d0200000, 0x00000006d0200000, 0x00000006d0300000|  0%| F|  |TAMS 0x00000006d0200000, 0x00000006d0200000| Untracked 
| 221|0x00000006d0300000, 0x00000006d0331310, 0x00000006d0400000| 19%| S|CS|TAMS 0x00000006d0300000, 0x00000006d0300000| Complete 
| 222|0x00000006d0400000, 0x00000006d0500000, 0x00000006d0500000|100%| S|CS|TAMS 0x00000006d0400000, 0x00000006d0400000| Complete 
| 223|0x00000006d0500000, 0x00000006d0600000, 0x00000006d0600000|100%| S|CS|TAMS 0x00000006d0500000, 0x00000006d0500000| Complete 
| 224|0x00000006d0600000, 0x00000006d0700000, 0x00000006d0700000|100%| S|CS|TAMS 0x00000006d0600000, 0x00000006d0600000| Complete 
| 225|0x00000006d0700000, 0x00000006d0800000, 0x00000006d0800000|100%| S|CS|TAMS 0x00000006d0700000, 0x00000006d0700000| Complete 
| 226|0x00000006d0800000, 0x00000006d0900000, 0x00000006d0900000|100%| S|CS|TAMS 0x00000006d0800000, 0x00000006d0800000| Complete 
| 227|0x00000006d0900000, 0x00000006d0a00000, 0x00000006d0a00000|100%| S|CS|TAMS 0x00000006d0900000, 0x00000006d0900000| Complete 
| 228|0x00000006d0a00000, 0x00000006d0a00000, 0x00000006d0b00000|  0%| F|  |TAMS 0x00000006d0a00000, 0x00000006d0a00000| Untracked 
| 229|0x00000006d0b00000, 0x00000006d0b00000, 0x00000006d0c00000|  0%| F|  |TAMS 0x00000006d0b00000, 0x00000006d0b00000| Untracked 
| 230|0x00000006d0c00000, 0x00000006d0c00000, 0x00000006d0d00000|  0%| F|  |TAMS 0x00000006d0c00000, 0x00000006d0c00000| Untracked 
| 231|0x00000006d0d00000, 0x00000006d0d00000, 0x00000006d0e00000|  0%| F|  |TAMS 0x00000006d0d00000, 0x00000006d0d00000| Untracked 
| 232|0x00000006d0e00000, 0x00000006d0e00000, 0x00000006d0f00000|  0%| F|  |TAMS 0x00000006d0e00000, 0x00000006d0e00000| Untracked 
| 233|0x00000006d0f00000, 0x00000006d0f00000, 0x00000006d1000000|  0%| F|  |TAMS 0x00000006d0f00000, 0x00000006d0f00000| Untracked 
| 234|0x00000006d1000000, 0x00000006d1000000, 0x00000006d1100000|  0%| F|  |TAMS 0x00000006d1000000, 0x00000006d1000000| Untracked 
| 235|0x00000006d1100000, 0x00000006d1100000, 0x00000006d1200000|  0%| F|  |TAMS 0x00000006d1100000, 0x00000006d1100000| Untracked 
| 236|0x00000006d1200000, 0x00000006d1200000, 0x00000006d1300000|  0%| F|  |TAMS 0x00000006d1200000, 0x00000006d1200000| Untracked 
| 237|0x00000006d1300000, 0x00000006d1300000, 0x00000006d1400000|  0%| F|  |TAMS 0x00000006d1300000, 0x00000006d1300000| Untracked 
| 238|0x00000006d1400000, 0x00000006d1500000, 0x00000006d1500000|100%| S|CS|TAMS 0x00000006d1400000, 0x00000006d1400000| Complete 
| 239|0x00000006d1500000, 0x00000006d1600000, 0x00000006d1600000|100%| S|CS|TAMS 0x00000006d1500000, 0x00000006d1500000| Complete 
| 240|0x00000006d1600000, 0x00000006d1700000, 0x00000006d1700000|100%| S|CS|TAMS 0x00000006d1600000, 0x00000006d1600000| Complete 
| 241|0x00000006d1700000, 0x00000006d1700000, 0x00000006d1800000|  0%| F|  |TAMS 0x00000006d1700000, 0x00000006d1700000| Untracked 
| 242|0x00000006d1800000, 0x00000006d1800000, 0x00000006d1900000|  0%| F|  |TAMS 0x00000006d1800000, 0x00000006d1800000| Untracked 
| 243|0x00000006d1900000, 0x00000006d1900000, 0x00000006d1a00000|  0%| F|  |TAMS 0x00000006d1900000, 0x00000006d1900000| Untracked 
| 244|0x00000006d1a00000, 0x00000006d1a00000, 0x00000006d1b00000|  0%| F|  |TAMS 0x00000006d1a00000, 0x00000006d1a00000| Untracked 
| 245|0x00000006d1b00000, 0x00000006d1b00000, 0x00000006d1c00000|  0%| F|  |TAMS 0x00000006d1b00000, 0x00000006d1b00000| Untracked 
| 246|0x00000006d1c00000, 0x00000006d1c00000, 0x00000006d1d00000|  0%| F|  |TAMS 0x00000006d1c00000, 0x00000006d1c00000| Untracked 
| 247|0x00000006d1d00000, 0x00000006d1d00000, 0x00000006d1e00000|  0%| F|  |TAMS 0x00000006d1d00000, 0x00000006d1d00000| Untracked 
| 248|0x00000006d1e00000, 0x00000006d1e00000, 0x00000006d1f00000|  0%| F|  |TAMS 0x00000006d1e00000, 0x00000006d1e00000| Untracked 
| 249|0x00000006d1f00000, 0x00000006d1f00000, 0x00000006d2000000|  0%| F|  |TAMS 0x00000006d1f00000, 0x00000006d1f00000| Untracked 
| 250|0x00000006d2000000, 0x00000006d2000000, 0x00000006d2100000|  0%| F|  |TAMS 0x00000006d2000000, 0x00000006d2000000| Untracked 
| 251|0x00000006d2100000, 0x00000006d2100000, 0x00000006d2200000|  0%| F|  |TAMS 0x00000006d2100000, 0x00000006d2100000| Untracked 
| 252|0x00000006d2200000, 0x00000006d2200000, 0x00000006d2300000|  0%| F|  |TAMS 0x00000006d2200000, 0x00000006d2200000| Untracked 
| 253|0x00000006d2300000, 0x00000006d2300000, 0x00000006d2400000|  0%| F|  |TAMS 0x00000006d2300000, 0x00000006d2300000| Untracked 
| 254|0x00000006d2400000, 0x00000006d2400000, 0x00000006d2500000|  0%| F|  |TAMS 0x00000006d2400000, 0x00000006d2400000| Untracked 
| 255|0x00000006d2500000, 0x00000006d2500000, 0x00000006d2600000|  0%| F|  |TAMS 0x00000006d2500000, 0x00000006d2500000| Untracked 
| 256|0x00000006d2600000, 0x00000006d2600000, 0x00000006d2700000|  0%| F|  |TAMS 0x00000006d2600000, 0x00000006d2600000| Untracked 
| 257|0x00000006d2700000, 0x00000006d2700000, 0x00000006d2800000|  0%| F|  |TAMS 0x00000006d2700000, 0x00000006d2700000| Untracked 
| 258|0x00000006d2800000, 0x00000006d2800000, 0x00000006d2900000|  0%| F|  |TAMS 0x00000006d2800000, 0x00000006d2800000| Untracked 
| 259|0x00000006d2900000, 0x00000006d2900000, 0x00000006d2a00000|  0%| F|  |TAMS 0x00000006d2900000, 0x00000006d2900000| Untracked 
| 260|0x00000006d2a00000, 0x00000006d2a00000, 0x00000006d2b00000|  0%| F|  |TAMS 0x00000006d2a00000, 0x00000006d2a00000| Untracked 
| 261|0x00000006d2b00000, 0x00000006d2b00000, 0x00000006d2c00000|  0%| F|  |TAMS 0x00000006d2b00000, 0x00000006d2b00000| Untracked 
| 262|0x00000006d2c00000, 0x00000006d2c00000, 0x00000006d2d00000|  0%| F|  |TAMS 0x00000006d2c00000, 0x00000006d2c00000| Untracked 
| 263|0x00000006d2d00000, 0x00000006d2d00000, 0x00000006d2e00000|  0%| F|  |TAMS 0x00000006d2d00000, 0x00000006d2d00000| Untracked 
| 264|0x00000006d2e00000, 0x00000006d2e00000, 0x00000006d2f00000|  0%| F|  |TAMS 0x00000006d2e00000, 0x00000006d2e00000| Untracked 
| 265|0x00000006d2f00000, 0x00000006d2f00000, 0x00000006d3000000|  0%| F|  |TAMS 0x00000006d2f00000, 0x00000006d2f00000| Untracked 
| 266|0x00000006d3000000, 0x00000006d3000000, 0x00000006d3100000|  0%| F|  |TAMS 0x00000006d3000000, 0x00000006d3000000| Untracked 
| 267|0x00000006d3100000, 0x00000006d3100000, 0x00000006d3200000|  0%| F|  |TAMS 0x00000006d3100000, 0x00000006d3100000| Untracked 
| 268|0x00000006d3200000, 0x00000006d3200000, 0x00000006d3300000|  0%| F|  |TAMS 0x00000006d3200000, 0x00000006d3200000| Untracked 
| 269|0x00000006d3300000, 0x00000006d3300000, 0x00000006d3400000|  0%| F|  |TAMS 0x00000006d3300000, 0x00000006d3300000| Untracked 
| 270|0x00000006d3400000, 0x00000006d3400000, 0x00000006d3500000|  0%| F|  |TAMS 0x00000006d3400000, 0x00000006d3400000| Untracked 
| 271|0x00000006d3500000, 0x00000006d3500000, 0x00000006d3600000|  0%| F|  |TAMS 0x00000006d3500000, 0x00000006d3500000| Untracked 
| 272|0x00000006d3600000, 0x00000006d3600000, 0x00000006d3700000|  0%| F|  |TAMS 0x00000006d3600000, 0x00000006d3600000| Untracked 
| 273|0x00000006d3700000, 0x00000006d3700000, 0x00000006d3800000|  0%| F|  |TAMS 0x00000006d3700000, 0x00000006d3700000| Untracked 
| 274|0x00000006d3800000, 0x00000006d3800000, 0x00000006d3900000|  0%| F|  |TAMS 0x00000006d3800000, 0x00000006d3800000| Untracked 
| 275|0x00000006d3900000, 0x00000006d3900000, 0x00000006d3a00000|  0%| F|  |TAMS 0x00000006d3900000, 0x00000006d3900000| Untracked 
| 276|0x00000006d3a00000, 0x00000006d3a00000, 0x00000006d3b00000|  0%| F|  |TAMS 0x00000006d3a00000, 0x00000006d3a00000| Untracked 
| 277|0x00000006d3b00000, 0x00000006d3b00000, 0x00000006d3c00000|  0%| F|  |TAMS 0x00000006d3b00000, 0x00000006d3b00000| Untracked 
| 278|0x00000006d3c00000, 0x00000006d3c00000, 0x00000006d3d00000|  0%| F|  |TAMS 0x00000006d3c00000, 0x00000006d3c00000| Untracked 
| 279|0x00000006d3d00000, 0x00000006d3d00000, 0x00000006d3e00000|  0%| F|  |TAMS 0x00000006d3d00000, 0x00000006d3d00000| Untracked 
| 280|0x00000006d3e00000, 0x00000006d3e00000, 0x00000006d3f00000|  0%| F|  |TAMS 0x00000006d3e00000, 0x00000006d3e00000| Untracked 
| 281|0x00000006d3f00000, 0x00000006d3f00000, 0x00000006d4000000|  0%| F|  |TAMS 0x00000006d3f00000, 0x00000006d3f00000| Untracked 
| 282|0x00000006d4000000, 0x00000006d4000000, 0x00000006d4100000|  0%| F|  |TAMS 0x00000006d4000000, 0x00000006d4000000| Untracked 
| 283|0x00000006d4100000, 0x00000006d4100000, 0x00000006d4200000|  0%| F|  |TAMS 0x00000006d4100000, 0x00000006d4100000| Untracked 
| 284|0x00000006d4200000, 0x00000006d4200000, 0x00000006d4300000|  0%| F|  |TAMS 0x00000006d4200000, 0x00000006d4200000| Untracked 
| 285|0x00000006d4300000, 0x00000006d4300000, 0x00000006d4400000|  0%| F|  |TAMS 0x00000006d4300000, 0x00000006d4300000| Untracked 
| 286|0x00000006d4400000, 0x00000006d4400000, 0x00000006d4500000|  0%| F|  |TAMS 0x00000006d4400000, 0x00000006d4400000| Untracked 
| 287|0x00000006d4500000, 0x00000006d4500000, 0x00000006d4600000|  0%| F|  |TAMS 0x00000006d4500000, 0x00000006d4500000| Untracked 
| 288|0x00000006d4600000, 0x00000006d4600000, 0x00000006d4700000|  0%| F|  |TAMS 0x00000006d4600000, 0x00000006d4600000| Untracked 
| 289|0x00000006d4700000, 0x00000006d4700000, 0x00000006d4800000|  0%| F|  |TAMS 0x00000006d4700000, 0x00000006d4700000| Untracked 
| 290|0x00000006d4800000, 0x00000006d4800000, 0x00000006d4900000|  0%| F|  |TAMS 0x00000006d4800000, 0x00000006d4800000| Untracked 
| 291|0x00000006d4900000, 0x00000006d4900000, 0x00000006d4a00000|  0%| F|  |TAMS 0x00000006d4900000, 0x00000006d4900000| Untracked 
| 292|0x00000006d4a00000, 0x00000006d4a00000, 0x00000006d4b00000|  0%| F|  |TAMS 0x00000006d4a00000, 0x00000006d4a00000| Untracked 
| 293|0x00000006d4b00000, 0x00000006d4b00000, 0x00000006d4c00000|  0%| F|  |TAMS 0x00000006d4b00000, 0x00000006d4b00000| Untracked 
| 294|0x00000006d4c00000, 0x00000006d4c00000, 0x00000006d4d00000|  0%| F|  |TAMS 0x00000006d4c00000, 0x00000006d4c00000| Untracked 
| 295|0x00000006d4d00000, 0x00000006d4d00000, 0x00000006d4e00000|  0%| F|  |TAMS 0x00000006d4d00000, 0x00000006d4d00000| Untracked 
| 296|0x00000006d4e00000, 0x00000006d4e00000, 0x00000006d4f00000|  0%| F|  |TAMS 0x00000006d4e00000, 0x00000006d4e00000| Untracked 
| 297|0x00000006d4f00000, 0x00000006d4f00000, 0x00000006d5000000|  0%| F|  |TAMS 0x00000006d4f00000, 0x00000006d4f00000| Untracked 
| 298|0x00000006d5000000, 0x00000006d5000000, 0x00000006d5100000|  0%| F|  |TAMS 0x00000006d5000000, 0x00000006d5000000| Untracked 
| 299|0x00000006d5100000, 0x00000006d5100000, 0x00000006d5200000|  0%| F|  |TAMS 0x00000006d5100000, 0x00000006d5100000| Untracked 
| 300|0x00000006d5200000, 0x00000006d5200000, 0x00000006d5300000|  0%| F|  |TAMS 0x00000006d5200000, 0x00000006d5200000| Untracked 
| 301|0x00000006d5300000, 0x00000006d5300000, 0x00000006d5400000|  0%| F|  |TAMS 0x00000006d5300000, 0x00000006d5300000| Untracked 
| 302|0x00000006d5400000, 0x00000006d5400000, 0x00000006d5500000|  0%| F|  |TAMS 0x00000006d5400000, 0x00000006d5400000| Untracked 
| 303|0x00000006d5500000, 0x00000006d5500000, 0x00000006d5600000|  0%| F|  |TAMS 0x00000006d5500000, 0x00000006d5500000| Untracked 
| 304|0x00000006d5600000, 0x00000006d5600000, 0x00000006d5700000|  0%| F|  |TAMS 0x00000006d5600000, 0x00000006d5600000| Untracked 
| 305|0x00000006d5700000, 0x00000006d5700000, 0x00000006d5800000|  0%| F|  |TAMS 0x00000006d5700000, 0x00000006d5700000| Untracked 
| 306|0x00000006d5800000, 0x00000006d5800000, 0x00000006d5900000|  0%| F|  |TAMS 0x00000006d5800000, 0x00000006d5800000| Untracked 
| 307|0x00000006d5900000, 0x00000006d5900000, 0x00000006d5a00000|  0%| F|  |TAMS 0x00000006d5900000, 0x00000006d5900000| Untracked 
| 308|0x00000006d5a00000, 0x00000006d5a00000, 0x00000006d5b00000|  0%| F|  |TAMS 0x00000006d5a00000, 0x00000006d5a00000| Untracked 
| 309|0x00000006d5b00000, 0x00000006d5b00000, 0x00000006d5c00000|  0%| F|  |TAMS 0x00000006d5b00000, 0x00000006d5b00000| Untracked 
| 310|0x00000006d5c00000, 0x00000006d5c00000, 0x00000006d5d00000|  0%| F|  |TAMS 0x00000006d5c00000, 0x00000006d5c00000| Untracked 
| 311|0x00000006d5d00000, 0x00000006d5d00000, 0x00000006d5e00000|  0%| F|  |TAMS 0x00000006d5d00000, 0x00000006d5d00000| Untracked 
| 312|0x00000006d5e00000, 0x00000006d5e00000, 0x00000006d5f00000|  0%| F|  |TAMS 0x00000006d5e00000, 0x00000006d5e00000| Untracked 
| 313|0x00000006d5f00000, 0x00000006d5f00000, 0x00000006d6000000|  0%| F|  |TAMS 0x00000006d5f00000, 0x00000006d5f00000| Untracked 
| 314|0x00000006d6000000, 0x00000006d6000000, 0x00000006d6100000|  0%| F|  |TAMS 0x00000006d6000000, 0x00000006d6000000| Untracked 
| 315|0x00000006d6100000, 0x00000006d6100000, 0x00000006d6200000|  0%| F|  |TAMS 0x00000006d6100000, 0x00000006d6100000| Untracked 
| 316|0x00000006d6200000, 0x00000006d6200000, 0x00000006d6300000|  0%| F|  |TAMS 0x00000006d6200000, 0x00000006d6200000| Untracked 
| 317|0x00000006d6300000, 0x00000006d6300000, 0x00000006d6400000|  0%| F|  |TAMS 0x00000006d6300000, 0x00000006d6300000| Untracked 
| 318|0x00000006d6400000, 0x00000006d6400000, 0x00000006d6500000|  0%| F|  |TAMS 0x00000006d6400000, 0x00000006d6400000| Untracked 
| 319|0x00000006d6500000, 0x00000006d6500000, 0x00000006d6600000|  0%| F|  |TAMS 0x00000006d6500000, 0x00000006d6500000| Untracked 
| 320|0x00000006d6600000, 0x00000006d6600000, 0x00000006d6700000|  0%| F|  |TAMS 0x00000006d6600000, 0x00000006d6600000| Untracked 
| 321|0x00000006d6700000, 0x00000006d6700000, 0x00000006d6800000|  0%| F|  |TAMS 0x00000006d6700000, 0x00000006d6700000| Untracked 
| 322|0x00000006d6800000, 0x00000006d6800000, 0x00000006d6900000|  0%| F|  |TAMS 0x00000006d6800000, 0x00000006d6800000| Untracked 
| 323|0x00000006d6900000, 0x00000006d6900000, 0x00000006d6a00000|  0%| F|  |TAMS 0x00000006d6900000, 0x00000006d6900000| Untracked 
| 324|0x00000006d6a00000, 0x00000006d6a00000, 0x00000006d6b00000|  0%| F|  |TAMS 0x00000006d6a00000, 0x00000006d6a00000| Untracked 
| 325|0x00000006d6b00000, 0x00000006d6b00000, 0x00000006d6c00000|  0%| F|  |TAMS 0x00000006d6b00000, 0x00000006d6b00000| Untracked 
| 326|0x00000006d6c00000, 0x00000006d6c00000, 0x00000006d6d00000|  0%| F|  |TAMS 0x00000006d6c00000, 0x00000006d6c00000| Untracked 
| 327|0x00000006d6d00000, 0x00000006d6d00000, 0x00000006d6e00000|  0%| F|  |TAMS 0x00000006d6d00000, 0x00000006d6d00000| Untracked 
| 328|0x00000006d6e00000, 0x00000006d6e00000, 0x00000006d6f00000|  0%| F|  |TAMS 0x00000006d6e00000, 0x00000006d6e00000| Untracked 
| 329|0x00000006d6f00000, 0x00000006d6f00000, 0x00000006d7000000|  0%| F|  |TAMS 0x00000006d6f00000, 0x00000006d6f00000| Untracked 
| 330|0x00000006d7000000, 0x00000006d7000000, 0x00000006d7100000|  0%| F|  |TAMS 0x00000006d7000000, 0x00000006d7000000| Untracked 
| 331|0x00000006d7100000, 0x00000006d7100000, 0x00000006d7200000|  0%| F|  |TAMS 0x00000006d7100000, 0x00000006d7100000| Untracked 
| 332|0x00000006d7200000, 0x00000006d7200000, 0x00000006d7300000|  0%| F|  |TAMS 0x00000006d7200000, 0x00000006d7200000| Untracked 
| 333|0x00000006d7300000, 0x00000006d7300000, 0x00000006d7400000|  0%| F|  |TAMS 0x00000006d7300000, 0x00000006d7300000| Untracked 
| 334|0x00000006d7400000, 0x00000006d7400000, 0x00000006d7500000|  0%| F|  |TAMS 0x00000006d7400000, 0x00000006d7400000| Untracked 
| 335|0x00000006d7500000, 0x00000006d7500000, 0x00000006d7600000|  0%| F|  |TAMS 0x00000006d7500000, 0x00000006d7500000| Untracked 
| 336|0x00000006d7600000, 0x00000006d7600000, 0x00000006d7700000|  0%| F|  |TAMS 0x00000006d7600000, 0x00000006d7600000| Untracked 
| 337|0x00000006d7700000, 0x00000006d7700000, 0x00000006d7800000|  0%| F|  |TAMS 0x00000006d7700000, 0x00000006d7700000| Untracked 
| 338|0x00000006d7800000, 0x00000006d7800000, 0x00000006d7900000|  0%| F|  |TAMS 0x00000006d7800000, 0x00000006d7800000| Untracked 
| 339|0x00000006d7900000, 0x00000006d7900000, 0x00000006d7a00000|  0%| F|  |TAMS 0x00000006d7900000, 0x00000006d7900000| Untracked 
| 340|0x00000006d7a00000, 0x00000006d7a00000, 0x00000006d7b00000|  0%| F|  |TAMS 0x00000006d7a00000, 0x00000006d7a00000| Untracked 
| 341|0x00000006d7b00000, 0x00000006d7b00000, 0x00000006d7c00000|  0%| F|  |TAMS 0x00000006d7b00000, 0x00000006d7b00000| Untracked 
| 342|0x00000006d7c00000, 0x00000006d7c00000, 0x00000006d7d00000|  0%| F|  |TAMS 0x00000006d7c00000, 0x00000006d7c00000| Untracked 
| 343|0x00000006d7d00000, 0x00000006d7d00000, 0x00000006d7e00000|  0%| F|  |TAMS 0x00000006d7d00000, 0x00000006d7d00000| Untracked 
| 344|0x00000006d7e00000, 0x00000006d7e00000, 0x00000006d7f00000|  0%| F|  |TAMS 0x00000006d7e00000, 0x00000006d7e00000| Untracked 
| 345|0x00000006d7f00000, 0x00000006d7f00000, 0x00000006d8000000|  0%| F|  |TAMS 0x00000006d7f00000, 0x00000006d7f00000| Untracked 
| 346|0x00000006d8000000, 0x00000006d8000000, 0x00000006d8100000|  0%| F|  |TAMS 0x00000006d8000000, 0x00000006d8000000| Untracked 
| 347|0x00000006d8100000, 0x00000006d8100000, 0x00000006d8200000|  0%| F|  |TAMS 0x00000006d8100000, 0x00000006d8100000| Untracked 
| 348|0x00000006d8200000, 0x00000006d8200000, 0x00000006d8300000|  0%| F|  |TAMS 0x00000006d8200000, 0x00000006d8200000| Untracked 
| 349|0x00000006d8300000, 0x00000006d8300000, 0x00000006d8400000|  0%| F|  |TAMS 0x00000006d8300000, 0x00000006d8300000| Untracked 
| 350|0x00000006d8400000, 0x00000006d8400000, 0x00000006d8500000|  0%| F|  |TAMS 0x00000006d8400000, 0x00000006d8400000| Untracked 
| 351|0x00000006d8500000, 0x00000006d8500000, 0x00000006d8600000|  0%| F|  |TAMS 0x00000006d8500000, 0x00000006d8500000| Untracked 
| 352|0x00000006d8600000, 0x00000006d8600000, 0x00000006d8700000|  0%| F|  |TAMS 0x00000006d8600000, 0x00000006d8600000| Untracked 
| 353|0x00000006d8700000, 0x00000006d8800000, 0x00000006d8800000|100%| E|  |TAMS 0x00000006d8700000, 0x00000006d8700000| Complete 
| 354|0x00000006d8800000, 0x00000006d8900000, 0x00000006d8900000|100%| E|CS|TAMS 0x00000006d8800000, 0x00000006d8800000| Complete 
| 355|0x00000006d8900000, 0x00000006d8a00000, 0x00000006d8a00000|100%| E|CS|TAMS 0x00000006d8900000, 0x00000006d8900000| Complete 
| 356|0x00000006d8a00000, 0x00000006d8b00000, 0x00000006d8b00000|100%| E|CS|TAMS 0x00000006d8a00000, 0x00000006d8a00000| Complete 
| 357|0x00000006d8b00000, 0x00000006d8c00000, 0x00000006d8c00000|100%| E|CS|TAMS 0x00000006d8b00000, 0x00000006d8b00000| Complete 
| 358|0x00000006d8c00000, 0x00000006d8d00000, 0x00000006d8d00000|100%| E|CS|TAMS 0x00000006d8c00000, 0x00000006d8c00000| Complete 
| 359|0x00000006d8d00000, 0x00000006d8e00000, 0x00000006d8e00000|100%| E|CS|TAMS 0x00000006d8d00000, 0x00000006d8d00000| Complete 
| 360|0x00000006d8e00000, 0x00000006d8f00000, 0x00000006d8f00000|100%| E|CS|TAMS 0x00000006d8e00000, 0x00000006d8e00000| Complete 
| 361|0x00000006d8f00000, 0x00000006d9000000, 0x00000006d9000000|100%| E|CS|TAMS 0x00000006d8f00000, 0x00000006d8f00000| Complete 
| 362|0x00000006d9000000, 0x00000006d9100000, 0x00000006d9100000|100%| E|CS|TAMS 0x00000006d9000000, 0x00000006d9000000| Complete 
| 363|0x00000006d9100000, 0x00000006d9200000, 0x00000006d9200000|100%| E|CS|TAMS 0x00000006d9100000, 0x00000006d9100000| Complete 
| 364|0x00000006d9200000, 0x00000006d9300000, 0x00000006d9300000|100%| E|CS|TAMS 0x00000006d9200000, 0x00000006d9200000| Complete 
| 365|0x00000006d9300000, 0x00000006d9400000, 0x00000006d9400000|100%| E|CS|TAMS 0x00000006d9300000, 0x00000006d9300000| Complete 
| 366|0x00000006d9400000, 0x00000006d9500000, 0x00000006d9500000|100%| E|CS|TAMS 0x00000006d9400000, 0x00000006d9400000| Complete 
| 367|0x00000006d9500000, 0x00000006d9600000, 0x00000006d9600000|100%| E|CS|TAMS 0x00000006d9500000, 0x00000006d9500000| Complete 
| 368|0x00000006d9600000, 0x00000006d9700000, 0x00000006d9700000|100%| E|CS|TAMS 0x00000006d9600000, 0x00000006d9600000| Complete 
| 369|0x00000006d9700000, 0x00000006d9800000, 0x00000006d9800000|100%| E|CS|TAMS 0x00000006d9700000, 0x00000006d9700000| Complete 
| 370|0x00000006d9800000, 0x00000006d9900000, 0x00000006d9900000|100%| E|CS|TAMS 0x00000006d9800000, 0x00000006d9800000| Complete 
| 371|0x00000006d9900000, 0x00000006d9a00000, 0x00000006d9a00000|100%| E|CS|TAMS 0x00000006d9900000, 0x00000006d9900000| Complete 
| 372|0x00000006d9a00000, 0x00000006d9b00000, 0x00000006d9b00000|100%| E|CS|TAMS 0x00000006d9a00000, 0x00000006d9a00000| Complete 
| 373|0x00000006d9b00000, 0x00000006d9c00000, 0x00000006d9c00000|100%| E|CS|TAMS 0x00000006d9b00000, 0x00000006d9b00000| Complete 
| 374|0x00000006d9c00000, 0x00000006d9d00000, 0x00000006d9d00000|100%| E|CS|TAMS 0x00000006d9c00000, 0x00000006d9c00000| Complete 
| 375|0x00000006d9d00000, 0x00000006d9e00000, 0x00000006d9e00000|100%| E|CS|TAMS 0x00000006d9d00000, 0x00000006d9d00000| Complete 
| 376|0x00000006d9e00000, 0x00000006d9f00000, 0x00000006d9f00000|100%| E|CS|TAMS 0x00000006d9e00000, 0x00000006d9e00000| Complete 
| 377|0x00000006d9f00000, 0x00000006da000000, 0x00000006da000000|100%| E|CS|TAMS 0x00000006d9f00000, 0x00000006d9f00000| Complete 
| 378|0x00000006da000000, 0x00000006da100000, 0x00000006da100000|100%| E|CS|TAMS 0x00000006da000000, 0x00000006da000000| Complete 
| 379|0x00000006da100000, 0x00000006da200000, 0x00000006da200000|100%| E|CS|TAMS 0x00000006da100000, 0x00000006da100000| Complete 
| 380|0x00000006da200000, 0x00000006da300000, 0x00000006da300000|100%| E|CS|TAMS 0x00000006da200000, 0x00000006da200000| Complete 
| 381|0x00000006da300000, 0x00000006da400000, 0x00000006da400000|100%| E|CS|TAMS 0x00000006da300000, 0x00000006da300000| Complete 

Card table byte_map: [0x0000024369eb0000,0x000002436a8a0000] _byte_map_base: 0x000002436689d000

Marking Bits (Prev, Next): (CMBitMap*) 0x00000243547b1060, (CMBitMap*) 0x00000243547b1028
 Prev Bits: [0x0000024370200000, 0x0000024375168000)
 Next Bits: [0x000002436b290000, 0x00000243701f8000)

Polling page: 0x00000243545e0000

Metaspace:

Usage:
  Non-class:     52.33 MB capacity,    51.84 MB (>99%) used,   397.66 KB ( <1%) free+waste,   106.19 KB ( <1%) overhead. 
      Class:      7.03 MB capacity,     6.72 MB ( 96%) used,   268.95 KB (  4%) free+waste,    47.56 KB ( <1%) overhead. 
       Both:     59.36 MB capacity,    58.56 MB ( 99%) used,   666.61 KB (  1%) free+waste,   153.75 KB ( <1%) overhead. 

Virtual space:
  Non-class space:       54.00 MB reserved,      52.33 MB ( 97%) committed 
      Class space:        1.00 GB reserved,       7.13 MB ( <1%) committed 
             Both:        1.05 GB reserved,      59.45 MB (  6%) committed 

Chunk freelists:
   Non-Class:  1.00 KB
       Class:  31.00 KB
        Both:  32.00 KB

MaxMetaspaceSize: 17179869184.00 GB
CompressedClassSpaceSize: 1.00 GB

CodeHeap 'non-profiled nmethods': size=120000Kb used=3944Kb max_used=3944Kb free=116055Kb
 bounds [0x0000024361530000, 0x0000024361910000, 0x0000024368a60000]
CodeHeap 'profiled nmethods': size=120000Kb used=18391Kb max_used=18391Kb free=101608Kb
 bounds [0x000002435a000000, 0x000002435b200000, 0x0000024361530000]
CodeHeap 'non-nmethods': size=5760Kb used=1229Kb max_used=1284Kb free=4530Kb
 bounds [0x0000024359a60000, 0x0000024359cd0000, 0x000002435a000000]
 total_blobs=7711 nmethods=7130 adapters=491
 compilation: enabled
              stopped_count=0, restarted_count=0
 full_count=0

Compilation events (20 events):
Event: 18.600 Thread 0x000002437868c000 7182       3       org.jetbrains.kotlin.types.FlexibleTypeImpl::isTypeParameter (44 bytes)
Event: 18.601 Thread 0x000002437868c000 nmethod 7182 0x000002435b1e1b10 code [0x000002435b1e1d40, 0x000002435b1e2568]
Event: 18.641 Thread 0x0000024378685000 nmethod 7177 0x0000024361905c10 code [0x0000024361905e20, 0x0000024361906b78]
Event: 18.641 Thread 0x0000024378685000 7180       4       java.util.Arrays$ArrayList::indexOf (62 bytes)
Event: 18.664 Thread 0x0000024378685000 nmethod 7180 0x0000024361907290 code [0x0000024361907440, 0x00000243619079f8]
Event: 18.664 Thread 0x0000024378685000 7181       4       org.jetbrains.kotlin.descriptors.impl.FunctionDescriptorImpl::getModality (14 bytes)
Event: 18.665 Thread 0x0000024378685000 nmethod 7181 0x0000024361907d10 code [0x0000024361907ea0, 0x0000024361907f18]
Event: 18.677 Thread 0x0000024378685000 7183       4       org.jetbrains.kotlin.load.java.descriptors.JavaMethodDescriptor::<init> (68 bytes)
Event: 18.678 Thread 0x000002437868c000 7185       3       org.jetbrains.kotlin.load.java.JavaDescriptorVisibilities::areInSamePackage (70 bytes)
Event: 18.679 Thread 0x000002437868c000 nmethod 7185 0x000002435b1e2710 code [0x000002435b1e2940, 0x000002435b1e3068]
Event: 18.694 Thread 0x000002437868c000 7187       3       org.jetbrains.kotlin.descriptors.impl.PropertyDescriptorImpl::<init> (155 bytes)
Event: 18.695 Thread 0x000002437868c000 nmethod 7187 0x000002435b1e3290 code [0x000002435b1e34e0, 0x000002435b1e3cd8]
Event: 18.695 Thread 0x000002437868c000 7188       3       org.jetbrains.kotlin.descriptors.impl.VariableDescriptorWithInitializerImpl::<init> (51 bytes)
Event: 18.696 Thread 0x000002437868c000 nmethod 7188 0x000002435b1e3f10 code [0x000002435b1e4100, 0x000002435b1e4448]
Event: 18.696 Thread 0x000002437868c000 7189       3       org.jetbrains.kotlin.descriptors.impl.PropertyDescriptorImpl::setType (63 bytes)
Event: 18.697 Thread 0x000002437868c000 nmethod 7189 0x000002435b1e4590 code [0x000002435b1e47a0, 0x000002435b1e4d08]
Event: 18.698 Thread 0x0000024378685000 nmethod 7183 0x0000024361907f90 code [0x0000024361908140, 0x0000024361908ab8]
Event: 18.698 Thread 0x0000024378685000 7186       4       org.jetbrains.kotlin.types.DisjointKeysUnionTypeSubstitution$Companion::create (44 bytes)
Event: 18.701 Thread 0x0000024378685000 nmethod 7186 0x0000024361908c10 code [0x0000024361908dc0, 0x0000024361908f18]
Event: 18.701 Thread 0x0000024378685000 7184       4       org.jetbrains.kotlin.load.java.descriptors.JavaMethodDescriptor::initialize (87 bytes)

GC Heap History (14 events):
Event: 1.256 GC heap before
{Heap before GC invocations=0 (full 0):
 garbage-first heap   total 325632K, used 27648K [0x00000006c2600000, 0x0000000800000000)
  region size 1024K, 24 young (24576K), 0 survivors (0K)
 Metaspace       used 12359K, capacity 12504K, committed 12800K, reserved 1060864K
  class space    used 1165K, capacity 1207K, committed 1280K, reserved 1048576K
}
Event: 1.262 GC heap after
{Heap after GC invocations=1 (full 0):
 garbage-first heap   total 325632K, used 5798K [0x00000006c2600000, 0x0000000800000000)
  region size 1024K, 3 young (3072K), 3 survivors (3072K)
 Metaspace       used 12359K, capacity 12504K, committed 12800K, reserved 1060864K
  class space    used 1165K, capacity 1207K, committed 1280K, reserved 1048576K
}
Event: 2.629 GC heap before
{Heap before GC invocations=1 (full 0):
 garbage-first heap   total 325632K, used 41638K [0x00000006c2600000, 0x0000000800000000)
  region size 1024K, 39 young (39936K), 3 survivors (3072K)
 Metaspace       used 20863K, capacity 21086K, committed 21296K, reserved 1069056K
  class space    used 2220K, capacity 2312K, committed 2432K, reserved 1048576K
}
Event: 2.658 GC heap after
{Heap after GC invocations=2 (full 0):
 garbage-first heap   total 325632K, used 9408K [0x00000006c2600000, 0x0000000800000000)
  region size 1024K, 7 young (7168K), 7 survivors (7168K)
 Metaspace       used 20863K, capacity 21086K, committed 21296K, reserved 1069056K
  class space    used 2220K, capacity 2312K, committed 2432K, reserved 1048576K
}
Event: 5.260 GC heap before
{Heap before GC invocations=3 (full 0):
 garbage-first heap   total 325632K, used 64704K [0x00000006c2600000, 0x0000000800000000)
  region size 1024K, 56 young (57344K), 7 survivors (7168K)
 Metaspace       used 32372K, capacity 32866K, committed 33200K, reserved 1079296K
  class space    used 4053K, capacity 4247K, committed 4352K, reserved 1048576K
}
Event: 5.279 GC heap after
{Heap after GC invocations=4 (full 0):
 garbage-first heap   total 325632K, used 20508K [0x00000006c2600000, 0x0000000800000000)
  region size 1024K, 7 young (7168K), 7 survivors (7168K)
 Metaspace       used 32372K, capacity 32866K, committed 33200K, reserved 1079296K
  class space    used 4053K, capacity 4247K, committed 4352K, reserved 1048576K
}
Event: 5.583 GC heap before
{Heap before GC invocations=4 (full 0):
 garbage-first heap   total 325632K, used 28700K [0x00000006c2600000, 0x0000000800000000)
  region size 1024K, 15 young (15360K), 7 survivors (7168K)
 Metaspace       used 34393K, capacity 34882K, committed 35120K, reserved 1079296K
  class space    used 4273K, capacity 4471K, committed 4480K, reserved 1048576K
}
Event: 5.595 GC heap after
{Heap after GC invocations=5 (full 0):
 garbage-first heap   total 325632K, used 22194K [0x00000006c2600000, 0x0000000800000000)
  region size 1024K, 2 young (2048K), 2 survivors (2048K)
 Metaspace       used 34393K, capacity 34882K, committed 35120K, reserved 1079296K
  class space    used 4273K, capacity 4471K, committed 4480K, reserved 1048576K
}
Event: 5.814 GC heap before
{Heap before GC invocations=5 (full 0):
 garbage-first heap   total 325632K, used 27314K [0x00000006c2600000, 0x0000000800000000)
  region size 1024K, 8 young (8192K), 2 survivors (2048K)
 Metaspace       used 35332K, capacity 35757K, committed 35920K, reserved 1081344K
  class space    used 4371K, capacity 4571K, committed 4608K, reserved 1048576K
}
Event: 5.818 GC heap after
{Heap after GC invocations=6 (full 0):
 garbage-first heap   total 325632K, used 20515K [0x00000006c2600000, 0x0000000800000000)
  region size 1024K, 2 young (2048K), 2 survivors (2048K)
 Metaspace       used 35332K, capacity 35757K, committed 35920K, reserved 1081344K
  class space    used 4371K, capacity 4571K, committed 4608K, reserved 1048576K
}
Event: 11.015 GC heap before
{Heap before GC invocations=7 (full 0):
 garbage-first heap   total 325632K, used 103459K [0x00000006c2600000, 0x0000000800000000)
  region size 1024K, 80 young (81920K), 2 survivors (2048K)
 Metaspace       used 49918K, capacity 50514K, committed 50768K, reserved 1093632K
  class space    used 5829K, capacity 6061K, committed 6144K, reserved 1048576K
}
Event: 11.033 GC heap after
{Heap after GC invocations=8 (full 0):
 garbage-first heap   total 325632K, used 33266K [0x00000006c2600000, 0x0000000800000000)
  region size 1024K, 10 young (10240K), 10 survivors (10240K)
 Metaspace       used 49918K, capacity 50514K, committed 50768K, reserved 1093632K
  class space    used 5829K, capacity 6061K, committed 6144K, reserved 1048576K
}
Event: 16.682 GC heap before
{Heap before GC invocations=8 (full 0):
 garbage-first heap   total 325632K, used 111090K [0x00000006c2600000, 0x0000000800000000)
  region size 1024K, 87 young (89088K), 10 survivors (10240K)
 Metaspace       used 59464K, capacity 60233K, committed 60240K, reserved 1101824K
  class space    used 6872K, capacity 7167K, committed 7168K, reserved 1048576K
}
Event: 16.717 GC heap after
{Heap after GC invocations=9 (full 0):
 garbage-first heap   total 391168K, used 42390K [0x00000006c2600000, 0x0000000800000000)
  region size 1024K, 10 young (10240K), 10 survivors (10240K)
 Metaspace       used 59464K, capacity 60233K, committed 60240K, reserved 1101824K
  class space    used 6872K, capacity 7167K, committed 7168K, reserved 1048576K
}

Deoptimization events (20 events):
Event: 18.208 Thread 0x0000024354739800 DEOPT PACKING pc=0x00000243618e65bc sp=0x0000004464afcfe0
Event: 18.208 Thread 0x0000024354739800 DEOPT UNPACKING pc=0x0000024359a868af sp=0x0000004464afcf80 mode 2
Event: 18.219 Thread 0x0000024354739800 Uncommon trap: trap_request=0xffffffbe fr.pc=0x00000243618f11f0 relative=0x0000000000000f70
Event: 18.219 Thread 0x0000024354739800 Uncommon trap: reason=profile_predicate action=maybe_recompile pc=0x00000243618f11f0 method=org.jetbrains.kotlin.load.java.lazy.descriptors.LazyJavaScope$declaredFunctions$1.invoke(Lorg/jetbrains/kotlin/name/Name;)Ljava/util/Collection; @ 74 c2
Event: 18.219 Thread 0x0000024354739800 DEOPT PACKING pc=0x00000243618f11f0 sp=0x0000004464afd850
Event: 18.219 Thread 0x0000024354739800 DEOPT UNPACKING pc=0x0000024359a868af sp=0x0000004464afd848 mode 2
Event: 18.220 Thread 0x0000024354739800 Uncommon trap: trap_request=0xffffffbe fr.pc=0x00000243618f11f0 relative=0x0000000000000f70
Event: 18.220 Thread 0x0000024354739800 Uncommon trap: reason=profile_predicate action=maybe_recompile pc=0x00000243618f11f0 method=org.jetbrains.kotlin.load.java.lazy.descriptors.LazyJavaScope$declaredFunctions$1.invoke(Lorg/jetbrains/kotlin/name/Name;)Ljava/util/Collection; @ 74 c2
Event: 18.220 Thread 0x0000024354739800 DEOPT PACKING pc=0x00000243618f11f0 sp=0x0000004464afd850
Event: 18.220 Thread 0x0000024354739800 DEOPT UNPACKING pc=0x0000024359a868af sp=0x0000004464afd848 mode 2
Event: 18.221 Thread 0x0000024354739800 Uncommon trap: trap_request=0xffffffbe fr.pc=0x00000243618f11f0 relative=0x0000000000000f70
Event: 18.221 Thread 0x0000024354739800 Uncommon trap: reason=profile_predicate action=maybe_recompile pc=0x00000243618f11f0 method=org.jetbrains.kotlin.load.java.lazy.descriptors.LazyJavaScope$declaredFunctions$1.invoke(Lorg/jetbrains/kotlin/name/Name;)Ljava/util/Collection; @ 74 c2
Event: 18.221 Thread 0x0000024354739800 DEOPT PACKING pc=0x00000243618f11f0 sp=0x0000004464afd850
Event: 18.221 Thread 0x0000024354739800 DEOPT UNPACKING pc=0x0000024359a868af sp=0x0000004464afd848 mode 2
Event: 18.222 Thread 0x0000024354739800 Uncommon trap: trap_request=0xffffffbe fr.pc=0x00000243618f11f0 relative=0x0000000000000f70
Event: 18.222 Thread 0x0000024354739800 Uncommon trap: reason=profile_predicate action=maybe_recompile pc=0x00000243618f11f0 method=org.jetbrains.kotlin.load.java.lazy.descriptors.LazyJavaScope$declaredFunctions$1.invoke(Lorg/jetbrains/kotlin/name/Name;)Ljava/util/Collection; @ 74 c2
Event: 18.222 Thread 0x0000024354739800 DEOPT PACKING pc=0x00000243618f11f0 sp=0x0000004464afd850
Event: 18.222 Thread 0x0000024354739800 DEOPT UNPACKING pc=0x0000024359a868af sp=0x0000004464afd848 mode 2
Event: 18.297 Thread 0x0000024354739800 DEOPT PACKING pc=0x000002435af41993 sp=0x0000004464afc820
Event: 18.297 Thread 0x0000024354739800 DEOPT UNPACKING pc=0x0000024359a8705e sp=0x0000004464afbcc0 mode 0

Classes redefined (0 events):
No events

Internal exceptions (20 events):
Event: 3.739 Thread 0x0000024354739800 Exception <a 'java/lang/NoSuchMethodError'{0x00000006d4c74878}: 'void java.lang.invoke.DirectMethodHandle$Holder.invokeVirtual(java.lang.Object, java.lang.Object)'> (0x00000006d4c74878) thrown at [./src/hotspot/share/interpreter/linkResolver.cpp, line 773]
Event: 3.759 Thread 0x0000024354739800 Exception <a 'java/lang/NoSuchMethodError'{0x00000006d4cf2e88}: 'int java.lang.invoke.DirectMethodHandle$Holder.invokeVirtual(java.lang.Object, java.lang.Object)'> (0x00000006d4cf2e88) thrown at [./src/hotspot/share/interpreter/linkResolver.cpp, line 773]
Event: 5.698 Thread 0x0000024354739800 Exception <a 'java/lang/NoSuchMethodError'{0x00000006d61ed1b0}: 'java.lang.Object java.lang.invoke.DirectMethodHandle$Holder.invokeVirtual(java.lang.Object, java.lang.Object, java.lang.Object)'> (0x00000006d61ed1b0) thrown at [./src/hotspot/share/interpreter/linkResolver.cpp, line 773]
Event: 7.020 Thread 0x0000024354739800 Exception <a 'java/lang/NoSuchMethodError'{0x00000006d3eeee08}: 'java.lang.Object java.lang.invoke.Invokers$Holder.linkToTargetMethod(java.lang.Object, int, java.lang.Object)'> (0x00000006d3eeee08) thrown at [./src/hotspot/share/interpreter/linkResolver.cpp, line 773]
Event: 8.017 Thread 0x0000024354739800 Exception <a 'java/lang/NoSuchMethodError'{0x00000006d37e33c0}: 'java.lang.Object java.lang.invoke.DirectMethodHandle$Holder.invokeStatic(java.lang.Object, java.lang.Object, java.lang.Object, int)'> (0x00000006d37e33c0) thrown at [./src/hotspot/share/interpreter/linkResolver.cpp, line 773]
Event: 8.018 Thread 0x0000024354739800 Exception <a 'java/lang/NoSuchMethodError'{0x00000006d37e7030}: 'java.lang.Object java.lang.invoke.DirectMethodHandle$Holder.invokeSpecial(java.lang.Object, java.lang.Object, java.lang.Object, java.lang.Object, int)'> (0x00000006d37e7030) thrown at [./src/hotspot/share/interpreter/linkResolver.cpp, line 773]
Event: 8.018 Thread 0x0000024354739800 Exception <a 'java/lang/NoSuchMethodError'{0x00000006d37ea340}: 'java.lang.Object java.lang.invoke.Invokers$Holder.linkToTargetMethod(java.lang.Object, java.lang.Object, int, java.lang.Object)'> (0x00000006d37ea340) thrown at [./src/hotspot/share/interpreter/linkResolver.cpp, line 773]
Event: 11.329 Thread 0x0000024354739800 Exception <a 'java/lang/NoSuchMethodError'{0x00000006d505ae00}: 'java.lang.Object java.lang.invoke.DirectMethodHandle$Holder.invokeSpecial(java.lang.Object, java.lang.Object, java.lang.Object, java.lang.Object, java.lang.Object, java.lang.Object, java.lang.Object, java.lang.Object, java.lang.Object)'> (0x00000006d505ae00) thrown at [./src/hotspot/share/interpreter/linkResolver.cpp, line 773]
Event: 11.329 Thread 0x0000024354739800 Exception <a 'java/lang/NoSuchMethodError'{0x00000006d505eff8}: 'java.lang.Object java.lang.invoke.Invokers$Holder.linkToTargetMethod(java.lang.Object, java.lang.Object, java.lang.Object, java.lang.Object, java.lang.Object, java.lang.Object, java.lang.Object, java.lang.Object)'> (0x00000006d505eff8) thrown at [./src/hotspot/share/interpreter/linkResolver.cpp, line 773]
Event: 13.459 Thread 0x0000024354739800 Implicit null exception at 0x00000243616e77dc to 0x00000243616e7d48
Event: 13.528 Thread 0x0000024354739800 Implicit null exception at 0x00000243616bd240 to 0x00000243616be220
Event: 14.199 Thread 0x0000024354739800 Implicit null exception at 0x00000243615c34f5 to 0x00000243615c36f0
Event: 14.199 Thread 0x0000024354739800 Implicit null exception at 0x00000243615cd42f to 0x00000243615cd4a9
Event: 14.267 Thread 0x0000024354739800 Exception <a 'java/lang/NoSuchMethodError'{0x00000006d2de5550}: 'int java.lang.invoke.DirectMethodHandle$Holder.invokeVirtual(java.lang.Object, java.lang.Object, java.lang.Object)'> (0x00000006d2de5550) thrown at [./src/hotspot/share/interpreter/linkResolver.cpp, line 773]
Event: 14.279 Thread 0x0000024354739800 Exception <a 'java/lang/NoSuchMethodError'{0x00000006d2c25700}: 'java.lang.Object java.lang.invoke.DirectMethodHandle$Holder.invokeSpecial(java.lang.Object, java.lang.Object, java.lang.Object, java.lang.Object, java.lang.Object, int)'> (0x00000006d2c25700) thrown at [./src/hotspot/share/interpreter/linkResolver.cpp, line 773]
Event: 14.279 Thread 0x0000024354739800 Exception <a 'java/lang/NoSuchMethodError'{0x00000006d2c28ff8}: 'java.lang.Object java.lang.invoke.Invokers$Holder.linkToTargetMethod(java.lang.Object, java.lang.Object, java.lang.Object, int, java.lang.Object)'> (0x00000006d2c28ff8) thrown at [./src/hotspot/share/interpreter/linkResolver.cpp, line 773]
Event: 14.320 Thread 0x0000024354739800 Exception <a 'java/lang/NoSuchMethodError'{0x00000006d2ccd3c8}: 'java.lang.Object java.lang.invoke.DirectMethodHandle$Holder.invokeStaticInit(java.lang.Object, java.lang.Object, java.lang.Object)'> (0x00000006d2ccd3c8) thrown at [./src/hotspot/share/interpreter/linkResolver.cpp, line 773]
Event: 14.417 Thread 0x0000024354739800 Exception <a 'java/lang/NoSuchMethodError'{0x00000006d2a2c240}: 'int java.lang.invoke.DirectMethodHandle$Holder.invokeStatic(java.lang.Object, java.lang.Object, java.lang.Object, java.lang.Object, java.lang.Object)'> (0x00000006d2a2c240) thrown at [./src/hotspot/share/interpreter/linkResolver.cpp, line 773]
Event: 14.513 Thread 0x0000024354739800 Exception <a 'java/lang/NoSuchMethodError'{0x00000006d2991480}: 'void java.lang.invoke.DirectMethodHandle$Holder.invokeInterface(java.lang.Object, java.lang.Object)'> (0x00000006d2991480) thrown at [./src/hotspot/share/interpreter/linkResolver.cpp, line 773]
Event: 16.728 Thread 0x0000024354739800 Exception <a 'java/lang/NoSuchMethodError'{0x00000006da311e28}: 'int java.lang.invoke.DirectMethodHandle$Holder.invokeInterface(java.lang.Object, java.lang.Object)'> (0x00000006da311e28) thrown at [./src/hotspot/share/interpreter/linkResolver.cpp, line 773]

Events (20 events):
Event: 17.339 loading class org/jetbrains/kotlin/resolve/jvm/jvmSignature/JvmMethodParameterSignature
Event: 17.339 loading class org/jetbrains/kotlin/resolve/jvm/jvmSignature/JvmMethodParameterSignature done
Event: 17.612 Executing VM operation: ICBufferFull
Event: 17.612 Executing VM operation: ICBufferFull done
Event: 18.005 Executing VM operation: ICBufferFull
Event: 18.005 Executing VM operation: ICBufferFull done
Event: 18.130 loading class org/jetbrains/kotlin/load/java/ErasedOverridabilityCondition$isOverridable$signatureTypes$1
Event: 18.130 loading class org/jetbrains/kotlin/load/java/ErasedOverridabilityCondition$isOverridable$signatureTypes$1 done
Event: 18.132 loading class org/jetbrains/kotlin/load/java/ErasedOverridabilityCondition$WhenMappings
Event: 18.132 loading class org/jetbrains/kotlin/load/java/ErasedOverridabilityCondition$WhenMappings done
Event: 18.346 loading class org/jetbrains/kotlin/load/java/lazy/descriptors/LazyJavaScope$resolveProperty$1
Event: 18.346 loading class org/jetbrains/kotlin/load/java/lazy/descriptors/LazyJavaScope$resolveProperty$1 done
Event: 18.347 loading class org/jetbrains/kotlin/load/java/lazy/descriptors/LazyJavaScope$resolveProperty$1$1
Event: 18.347 loading class org/jetbrains/kotlin/load/java/lazy/descriptors/LazyJavaScope$resolveProperty$1$1 done
Event: 18.349 loading class org/jetbrains/kotlin/load/java/structure/impl/JavaFieldImpl
Event: 18.349 loading class org/jetbrains/kotlin/load/java/structure/impl/JavaFieldImpl done
Event: 18.404 loading class org/jetbrains/kotlin/load/java/lazy/descriptors/LazyJavaClassMemberScope$computeNonDeclaredProperties$1
Event: 18.404 loading class org/jetbrains/kotlin/load/java/lazy/descriptors/LazyJavaClassMemberScope$computeNonDeclaredProperties$1 done
Event: 18.405 loading class org/jetbrains/kotlin/load/java/lazy/descriptors/LazyJavaClassMemberScope$computeNonDeclaredProperties$2
Event: 18.405 loading class org/jetbrains/kotlin/load/java/lazy/descriptors/LazyJavaClassMemberScope$computeNonDeclaredProperties$2 done


Dynamic libraries:
0x00007ff7d8b10000 - 0x00007ff7d8b1a000 	C:\Program Files\Android\Android Studio\jre\bin\java.exe
0x00007ffd09d30000 - 0x00007ffd09f28000 	C:\WINDOWS\SYSTEM32\ntdll.dll
0x00007ffd094f0000 - 0x00007ffd095ad000 	C:\WINDOWS\System32\KERNEL32.DLL
0x00007ffd076e0000 - 0x00007ffd079b2000 	C:\WINDOWS\System32\KERNELBASE.dll
0x00007ffd079c0000 - 0x00007ffd07ac0000 	C:\WINDOWS\System32\ucrtbase.dll
0x00007ffcf5460000 - 0x00007ffcf5479000 	C:\Program Files\Android\Android Studio\jre\bin\jli.dll
0x00007ffcec1b0000 - 0x00007ffcec1c7000 	C:\Program Files\Android\Android Studio\jre\bin\VCRUNTIME140.dll
0x00007ffd09200000 - 0x00007ffd0939d000 	C:\WINDOWS\System32\USER32.dll
0x00007ffcf2a60000 - 0x00007ffcf2cfa000 	C:\WINDOWS\WinSxS\amd64_microsoft.windows.common-controls_6595b64144ccf1df_6.0.19041.1110_none_60b5254171f9507e\COMCTL32.dll
0x00007ffd09450000 - 0x00007ffd094ee000 	C:\WINDOWS\System32\msvcrt.dll
0x00007ffd07580000 - 0x00007ffd075a2000 	C:\WINDOWS\System32\win32u.dll
0x00007ffd08330000 - 0x00007ffd0835b000 	C:\WINDOWS\System32\GDI32.dll
0x00007ffd07470000 - 0x00007ffd0757f000 	C:\WINDOWS\System32\gdi32full.dll
0x00007ffd075b0000 - 0x00007ffd0764d000 	C:\WINDOWS\System32\msvcp_win.dll
0x00007ffd09080000 - 0x00007ffd090b0000 	C:\WINDOWS\System32\IMM32.DLL
0x00007ffca7b20000 - 0x00007ffca7bbd000 	C:\Program Files\Android\Android Studio\jre\bin\msvcp140.dll
0x00007ffca5bf0000 - 0x00007ffca66c5000 	C:\Program Files\Android\Android Studio\jre\bin\server\jvm.dll
0x00007ffd093a0000 - 0x00007ffd0944e000 	C:\WINDOWS\System32\ADVAPI32.dll
0x00007ffd07e50000 - 0x00007ffd07eec000 	C:\WINDOWS\System32\sechost.dll
0x00007ffd08190000 - 0x00007ffd082b5000 	C:\WINDOWS\System32\RPCRT4.dll
0x00007ffd08420000 - 0x00007ffd08428000 	C:\WINDOWS\System32\PSAPI.DLL
0x00007ffcf4750000 - 0x00007ffcf4777000 	C:\WINDOWS\SYSTEM32\WINMM.dll
0x00007ffd031e0000 - 0x00007ffd031e9000 	C:\WINDOWS\SYSTEM32\WSOCK32.dll
0x00007ffcf9e50000 - 0x00007ffcf9e5a000 	C:\WINDOWS\SYSTEM32\VERSION.dll
0x00007ffd088c0000 - 0x00007ffd0892b000 	C:\WINDOWS\System32\WS2_32.dll
0x00007ffd051c0000 - 0x00007ffd051d2000 	C:\WINDOWS\SYSTEM32\kernel.appcore.dll
0x00007ffd031c0000 - 0x00007ffd031d1000 	C:\Program Files\Android\Android Studio\jre\bin\verify.dll
0x00007ffcf3e10000 - 0x00007ffcf3ff4000 	C:\WINDOWS\SYSTEM32\DBGHELP.DLL
0x00007ffcebff0000 - 0x00007ffcec01c000 	C:\WINDOWS\SYSTEM32\dbgcore.DLL
0x00007ffd07650000 - 0x00007ffd076d2000 	C:\WINDOWS\System32\bcryptPrimitives.dll
0x00007ffcf5750000 - 0x00007ffcf5779000 	C:\Program Files\Android\Android Studio\jre\bin\java.dll
0x00007ffd02800000 - 0x00007ffd0280b000 	C:\Program Files\Android\Android Studio\jre\bin\jimage.dll
0x00007ffd01170000 - 0x00007ffd01188000 	C:\Program Files\Android\Android Studio\jre\bin\zip.dll
0x00007ffd08930000 - 0x00007ffd09073000 	C:\WINDOWS\System32\SHELL32.dll
0x00007ffd054a0000 - 0x00007ffd05c31000 	C:\WINDOWS\SYSTEM32\windows.storage.dll
0x00007ffd08500000 - 0x00007ffd08854000 	C:\WINDOWS\System32\combase.dll
0x00007ffd06dc0000 - 0x00007ffd06df0000 	C:\WINDOWS\SYSTEM32\Wldp.dll
0x00007ffd08370000 - 0x00007ffd0841d000 	C:\WINDOWS\System32\SHCORE.dll
0x00007ffd07df0000 - 0x00007ffd07e45000 	C:\WINDOWS\System32\shlwapi.dll
0x00007ffd07380000 - 0x00007ffd0739f000 	C:\WINDOWS\SYSTEM32\profapi.dll
0x00007ffcf58a0000 - 0x00007ffcf58ba000 	C:\Program Files\Android\Android Studio\jre\bin\net.dll
0x00007ffcff590000 - 0x00007ffcff69d000 	C:\WINDOWS\SYSTEM32\WINHTTP.dll
0x00007ffd06ba0000 - 0x00007ffd06c0a000 	C:\WINDOWS\system32\mswsock.dll
0x00007ffcef0e0000 - 0x00007ffcef0f4000 	C:\Program Files\Android\Android Studio\jre\bin\nio.dll

dbghelp: loaded successfully - version: 4.0.5 - missing functions: none
symbol engine: initialized successfully - sym options: 0x614 - pdb path: .;C:\Program Files\Android\Android Studio\jre\bin;C:\WINDOWS\SYSTEM32;C:\WINDOWS\WinSxS\amd64_microsoft.windows.common-controls_6595b64144ccf1df_6.0.19041.1110_none_60b5254171f9507e;C:\Program Files\Android\Android Studio\jre\bin\server

VM Arguments:
java_command: org.jetbrains.kotlin.cli.jvm.K2JVMCompiler @E:\Room4\TrackCalories\nutritionx\node_modules\react-native-screens\android\build\20221026_17853750305020510330.compiler.options
java_class_path (initial): C:\Users\nickpetrov\.gradle\caches\modules-2\files-2.1\org.jetbrains.kotlin\kotlin-compiler-embeddable\1.6.21\97bdd5a752ce73b58ef16c17bc7f0ea2faff7a2e\kotlin-compiler-embeddable-1.6.21.jar;C:\Users\nickpetrov\.gradle\caches\modules-2\files-2.1\org.jetbrains.kotlin\kotlin-reflect\1.6.21\5dc3574d9b7bebfcb4ec6b10ada4aaa9e140bd0b\kotlin-reflect-1.6.21.jar;C:\Users\nickpetrov\.gradle\caches\modules-2\files-2.1\org.jetbrains.kotlin\kotlin-stdlib\1.6.21\11ef67f1900634fd951bad28c53ec957fabbe5b8\kotlin-stdlib-1.6.21.jar;C:\Users\nickpetrov\.gradle\caches\modules-2\files-2.1\org.jetbrains.kotlin\kotlin-script-runtime\1.6.21\99c6675100da5d6d5b1c5a1032f27f28008d101b\kotlin-script-runtime-1.6.21.jar;C:\Users\nickpetrov\.gradle\caches\modules-2\files-2.1\org.jetbrains.kotlin\kotlin-daemon-embeddable\1.6.21\46b78cf392e1c4f10854c3cadba44abb7b82250f\kotlin-daemon-embeddable-1.6.21.jar;C:\Users\nickpetrov\.gradle\caches\modules-2\files-2.1\org.jetbrains.intellij.deps\trove4j\1.0.20200330\3afb14d5f9ceb459d724e907a21145e8ff394f02\trove4j-1.0.20200330.jar;C:\Users\nickpetrov\.gradle\caches\modules-2\files-2.1\net.java.dev.jna\jna\5.6.0\330f2244e9030119ab3030fc3fededc86713d9cc\jna-5.6.0.jar;C:\Users\nickpetrov\.gradle\caches\modules-2\files-2.1\org.jetbrains.kotlin\kotlin-stdlib-common\1.6.21\5e5b55c26dbc80372a920aef60eb774b714559b8\kotlin-stdlib-common-1.6.21.jar;C:\Users\nickpetrov\.gradle\caches\modules-2\files-2.1\org.jetbrains\annotations\13.0\919f0dfe192fb4e063e7dacadee7f8bb9a2672a9\annotations-13.0.jar
Launcher Type: SUN_STANDARD

[Global flags]
     intx CICompilerCount                          = 4                                         {product} {ergonomic}
     uint ConcGCThreads                            = 2                                         {product} {ergonomic}
     uint G1ConcRefinementThreads                  = 8                                         {product} {ergonomic}
   size_t G1HeapRegionSize                         = 1048576                                   {product} {ergonomic}
    uintx GCDrainStackTargetSize                   = 64                                        {product} {ergonomic}
   size_t InitialHeapSize                          = 333447168                                 {product} {ergonomic}
   size_t MarkStackSize                            = 4194304                                   {product} {ergonomic}
   size_t MaxHeapSize                              = 5328863232                                {product} {ergonomic}
   size_t MaxNewSize                               = 3197108224                                {product} {ergonomic}
   size_t MinHeapDeltaBytes                        = 1048576                                   {product} {ergonomic}
    uintx NonNMethodCodeHeapSize                   = 5836300                                {pd product} {ergonomic}
    uintx NonProfiledCodeHeapSize                  = 122910970                              {pd product} {ergonomic}
    uintx ProfiledCodeHeapSize                     = 122910970                              {pd product} {ergonomic}
    uintx ReservedCodeCacheSize                    = 251658240                              {pd product} {ergonomic}
     bool SegmentedCodeCache                       = true                                      {product} {ergonomic}
     bool UseCompressedClassPointers               = true                                 {lp64_product} {ergonomic}
     bool UseCompressedOops                        = true                                 {lp64_product} {ergonomic}
     bool UseG1GC                                  = true                                      {product} {ergonomic}
     bool UseLargePagesIndividualAllocation        = false                                  {pd product} {ergonomic}

Logging:
Log output configuration:
 #0: stdout all=warning uptime,level,tags
 #1: stderr all=off uptime,level,tags

Environment Variables:
JAVA_HOME=C:\Program Files\Android\Android Studio\jre
CLASSPATH=E:\Room4\TrackCalories\nutritionx\android\\gradle\wrapper\gradle-wrapper.jar
PATH=E:\Room4\TrackCalories\nutritionx\android\node_modules\.bin;E:\Room4\TrackCalories\nutritionx\node_modules\.bin;E:\Room4\TrackCalories\node_modules\.bin;E:\Room4\node_modules\.bin;E:\node_modules\.bin;C:\Program Files\nodejs;C:\Users\NICKPE~1\AppData\Local\Temp\yarn--1666777900583-0.029693012952591857;E:\Room4\TrackCalories\nutritionx\node_modules\.bin;C:\Users\nickpetrov\AppData\Local\Yarn\Data\link\node_modules\.bin;C:\Users\nickpetrov\AppData\Local\Yarn\bin;C:\Program Files\libexec\lib\node_modules\npm\bin\node-gyp-bin;C:\Program Files\lib\node_modules\npm\bin\node-gyp-bin;C:\Program Files\nodejs\node_modules\npm\bin\node-gyp-bin;C:\Python310\Scripts\;C:\Python310\;C:\Program Files\Common Files\Oracle\Java\javapath;C:\Program Files (x86)\Common Files\Oracle\Java\javapath;C:\Windows\system32;C:\Windows;C:\Windows\System32\Wbem;C:\Windows\System32\WindowsPowerShell\v1.0\;C:\Windows\System32\OpenSSH\;E:\sonarqube-code-quality\sonar-scanner\bin;C:\Program Files (x86)\NVIDIA Corporation\PhysX\Common;C:\Program Files\NVIDIA Corporation\NVIDIA NvDLISR;C:\Program Files\Git\cmd;E:\Open server\OSPanel\modules\php\PHP_7.3-x64;C:\ProgramData\ComposerSetup\bin;C:\Users\nickpetrov\AppData\Roaming\nvm;C:\Program Files\nodejs;C:\Users\neval\AppData\Local\Android\Sdk\platform-tools;C:\Users\neval\AppData\Local\Android\Sdk\emulator;C:\ProgramData\chocolatey\bin;C:\Program Files\OpenJDK\openjdk-8u275-b01\bin;C:\WINDOWS\system32;C:\WINDOWS;C:\WINDOWS\System32\Wbem;C:\WINDOWS\System32\WindowsPowerShell\v1.0\;C:\WINDOWS\System32\OpenSSH\;C:\Program Files\Docker\Docker\resources\bin;C:\ProgramData\DockerDesktop\version-bin;C:\Program Files\Java\jdk-11.0.13\bin;E:\sonarqube-code-quality\sonar-scanner\bin;;C:\Users\nickpetrov\AppData\Local\Android\Sdk\emulator;C:\Users\nickpetrov\AppData\Local\Microsoft\WindowsApps;C:\Users\nickpetrov\AppData\Local\Programs\Microsoft VS Code\bin;C:\Users\nickpetrov\AppData\Roaming\npm;C:\Users\nickpetrov\AppData\Roaming\nvm;C:\Program Files\nodejs
USERNAME=nickpetrov
LANG=ru_RU.UTF-8
OS=Windows_NT
PROCESSOR_IDENTIFIER=Intel64 Family 6 Model 142 Stepping 12, GenuineIntel



---------------  S Y S T E M  ---------------

OS: Windows 10 , 64 bit Build 19041 (10.0.19041.1889)
OS uptime: 0 days 4:28 hours
Hyper-V role detected

CPU:total 8 (initial active 8) (4 cores per cpu, 2 threads per core) family 6 model 142 stepping 12 microcode 0xb8, cmov, cx8, fxsr, mmx, sse, sse2, sse3, ssse3, sse4.1, sse4.2, popcnt, avx, avx2, aes, clmul, erms, 3dnowpref, lzcnt, ht, tsc, tscinvbit, bmi1, bmi2, adx, fma

Memory: 4k page, system-wide physical 20327M (2488M free)
TotalPageFile size 22375M (AvailPageFile size 5M)
current process WorkingSet (physical memory assigned to process): 348M, peak: 351M
current process commit charge ("private bytes"): 615M, peak: 617M

vm_info: OpenJDK 64-Bit Server VM (11.0.11+9-b60-7590822) for windows-amd64 JRE (11.0.11+9-b60-7590822), built on Jul 29 2021 21:43:44 by "builder" with MS VC++ 14.0 (VS2015)

END.
