#
# There is insufficient memory for the Java Runtime Environment to continue.
# Native memory allocation (mmap) failed to map 333447168 bytes for Failed to commit area from 0x00000006c2600000 to 0x00000006d6400000 of length 333447168.
# Possible reasons:
#   The system is out of physical RAM or swap space
#   The process is running with CompressedOops enabled, and the Java Heap may be blocking the growth of the native heap
# Possible solutions:
#   Reduce memory load on the system
#   Increase physical memory or swap space
#   Check if swap backing store is full
#   Decrease Java heap size (-Xmx/-Xms)
#   Decrease number of Java threads
#   Decrease Java thread stack sizes (-Xss)
#   Set larger code cache with -XX:ReservedCodeCacheSize=
# This output file may be truncated or incomplete.
#
#  Out of Memory Error (./src/hotspot/os/windows/os_windows.cpp:3301), pid=8720, tid=19924
#
# JRE version:  (11.0.11+9) (build )
# Java VM: OpenJDK 64-Bit Server VM (11.0.11+9-b60-7590822, mixed mode, sharing, tiered, compressed oops, g1 gc, windows-amd64)
# No core dump will be written. Minidumps are not enabled by default on client versions of Windows
#

---------------  S U M M A R Y ------------

Command Line: org.jetbrains.kotlin.cli.jvm.K2JVMCompiler @E:\Room4\TrackCalories\nutritionx\node_modules\react-native-vision-camera\android\build\20221010_946516129969796908.compiler.options

Host: Intel(R) Core(TM) i5-8265U CPU @ 1.60GHz, 8 cores, 19G,  Windows 10 , 64 bit Build 19041 (10.0.19041.1889)
Time: Mon Oct 10 16:22:40 2022 Финляндия (лето) elapsed time: 0.041276 seconds (0d 0h 0m 0s)

---------------  T H R E A D  ---------------

Current thread (0x000002afb79da000):  JavaThread "Unknown thread" [_thread_in_vm, id=19924, stack(0x000000f1a5000000,0x000000f1a5100000)]

Stack: [0x000000f1a5000000,0x000000f1a5100000]
Native frames: (J=compiled Java code, j=interpreted, Vv=VM code, C=native code)
V  [jvm.dll+0x5f214a]
V  [jvm.dll+0x726fb5]
V  [jvm.dll+0x7285cd]
V  [jvm.dll+0x728c83]
V  [jvm.dll+0x243278]
V  [jvm.dll+0x5ef544]
V  [jvm.dll+0x5e4495]
V  [jvm.dll+0x2fec5b]
V  [jvm.dll+0x2febca]
V  [jvm.dll+0x2feaa2]
V  [jvm.dll+0x303986]
V  [jvm.dll+0x34c3a3]
V  [jvm.dll+0x34caa6]
V  [jvm.dll+0x34c4a3]
V  [jvm.dll+0x2d9688]
V  [jvm.dll+0x2da837]
V  [jvm.dll+0x705ba7]
V  [jvm.dll+0x70739c]
V  [jvm.dll+0x3598f9]
V  [jvm.dll+0x6e931e]
V  [jvm.dll+0x3c1c43]
V  [jvm.dll+0x3c3e81]
C  [jli.dll+0x5373]
C  [ucrtbase.dll+0x21bb2]
C  [KERNEL32.DLL+0x17034]
C  [ntdll.dll+0x526a1]


---------------  P R O C E S S  ---------------

Threads class SMR info:
_java_thread_list=0x000002afb57f3610, length=0, elements={
}

Java Threads: ( => current thread )

Other Threads:
  0x000002afb79f2800 GCTaskThread "GC Thread#0" [stack: 0x000000f1a5100000,0x000000f1a5200000] [id=17368]
  0x000002afb7a65000 ConcurrentGCThread "G1 Main Marker" [stack: 0x000000f1a5200000,0x000000f1a5300000] [id=3060]
  0x000002afb7a67800 ConcurrentGCThread "G1 Conc#0" [stack: 0x000000f1a5300000,0x000000f1a5400000] [id=19772]

[error occurred during error reporting (printing all threads), id 0xc0000005, EXCEPTION_ACCESS_VIOLATION (0xc0000005) at pc=0x00007ffb083c9c47]

VM state:not at safepoint (not fully initialized)

VM Mutex/Monitor currently owned by a thread:  ([mutex/lock_event])
[0x000002afb79d9440] Heap_lock - owner thread: 0x000002afb79da000

Heap address: 0x00000006c2600000, size: 5082 MB, Compressed Oops mode: Non-zero based: 0x00000006c2600000
Narrow klass base: 0x0000000000000000, Narrow klass shift: 0

GC Heap History (0 events):
No events

Deoptimization events (0 events):
No events

Classes redefined (0 events):
No events

Internal exceptions (0 events):
No events

Events (1 events):
Event: 0.022 Loaded shared library C:\Program Files\Android\Android Studio\jre\bin\zip.dll


Dynamic libraries:
0x00007ff7d46f0000 - 0x00007ff7d46fa000 	C:\Program Files\Android\Android Studio\jre\bin\java.exe
0x00007ffb6ecb0000 - 0x00007ffb6eea8000 	C:\WINDOWS\SYSTEM32\ntdll.dll
0x00007ffb6d990000 - 0x00007ffb6da4d000 	C:\WINDOWS\System32\KERNEL32.DLL
0x00007ffb6c810000 - 0x00007ffb6cade000 	C:\WINDOWS\System32\KERNELBASE.dll
0x00007ffb69ba0000 - 0x00007ffb69c30000 	C:\WINDOWS\SYSTEM32\apphelp.dll
0x00007ffb6c480000 - 0x00007ffb6c580000 	C:\WINDOWS\System32\ucrtbase.dll
0x00007ffb681d0000 - 0x00007ffb681e9000 	C:\Program Files\Android\Android Studio\jre\bin\jli.dll
0x00007ffb68280000 - 0x00007ffb68297000 	C:\Program Files\Android\Android Studio\jre\bin\VCRUNTIME140.dll
0x00007ffb6cfe0000 - 0x00007ffb6d180000 	C:\WINDOWS\System32\USER32.dll
0x00007ffb5c1c0000 - 0x00007ffb5c45a000 	C:\WINDOWS\WinSxS\amd64_microsoft.windows.common-controls_6595b64144ccf1df_6.0.19041.1110_none_60b5254171f9507e\COMCTL32.dll
0x00007ffb6c7e0000 - 0x00007ffb6c802000 	C:\WINDOWS\System32\win32u.dll
0x00007ffb6cf30000 - 0x00007ffb6cfce000 	C:\WINDOWS\System32\msvcrt.dll
0x00007ffb6cf00000 - 0x00007ffb6cf2a000 	C:\WINDOWS\System32\GDI32.dll
0x00007ffb6c6d0000 - 0x00007ffb6c7db000 	C:\WINDOWS\System32\gdi32full.dll
0x00007ffb6cae0000 - 0x00007ffb6cb7d000 	C:\WINDOWS\System32\msvcp_win.dll
0x00007ffb6e2d0000 - 0x00007ffb6e300000 	C:\WINDOWS\System32\IMM32.DLL
0x00007ffb35100000 - 0x00007ffb3519d000 	C:\Program Files\Android\Android Studio\jre\bin\msvcp140.dll
0x00007ffb080e0000 - 0x00007ffb08bb5000 	C:\Program Files\Android\Android Studio\jre\bin\server\jvm.dll
0x00007ffb6e7c0000 - 0x00007ffb6e86e000 	C:\WINDOWS\System32\ADVAPI32.dll
0x00007ffb6e950000 - 0x00007ffb6e9ec000 	C:\WINDOWS\System32\sechost.dll
0x00007ffb6cd10000 - 0x00007ffb6ce35000 	C:\WINDOWS\System32\RPCRT4.dll
0x00007ffb6eb40000 - 0x00007ffb6eb48000 	C:\WINDOWS\System32\PSAPI.DLL
0x00007ffb67710000 - 0x00007ffb67719000 	C:\WINDOWS\SYSTEM32\WSOCK32.dll
0x00007ffb5c620000 - 0x00007ffb5c647000 	C:\WINDOWS\SYSTEM32\WINMM.dll
0x00007ffb5efb0000 - 0x00007ffb5efba000 	C:\WINDOWS\SYSTEM32\VERSION.dll
0x00007ffb6e570000 - 0x00007ffb6e5db000 	C:\WINDOWS\System32\WS2_32.dll
0x00007ffb6a260000 - 0x00007ffb6a272000 	C:\WINDOWS\SYSTEM32\kernel.appcore.dll
0x00007ffb5a1d0000 - 0x00007ffb5a1e1000 	C:\Program Files\Android\Android Studio\jre\bin\verify.dll
0x00007ffb598e0000 - 0x00007ffb59ac4000 	C:\WINDOWS\SYSTEM32\DBGHELP.DLL
0x00007ffb54ff0000 - 0x00007ffb5501c000 	C:\WINDOWS\SYSTEM32\dbgcore.DLL
0x00007ffb6c580000 - 0x00007ffb6c602000 	C:\WINDOWS\System32\bcryptPrimitives.dll
0x00007ffb27b40000 - 0x00007ffb27b69000 	C:\Program Files\Android\Android Studio\jre\bin\java.dll
0x00007ffb51de0000 - 0x00007ffb51deb000 	C:\Program Files\Android\Android Studio\jre\bin\jimage.dll
0x00007ffb48b90000 - 0x00007ffb48ba8000 	C:\Program Files\Android\Android Studio\jre\bin\zip.dll

dbghelp: loaded successfully - version: 4.0.5 - missing functions: none
symbol engine: initialized successfully - sym options: 0x614 - pdb path: .;C:\Program Files\Android\Android Studio\jre\bin;C:\WINDOWS\SYSTEM32;C:\WINDOWS\WinSxS\amd64_microsoft.windows.common-controls_6595b64144ccf1df_6.0.19041.1110_none_60b5254171f9507e;C:\Program Files\Android\Android Studio\jre\bin\server

VM Arguments:
java_command: org.jetbrains.kotlin.cli.jvm.K2JVMCompiler @E:\Room4\TrackCalories\nutritionx\node_modules\react-native-vision-camera\android\build\20221010_946516129969796908.compiler.options
java_class_path (initial): C:\Users\nickpetrov\.gradle\caches\modules-2\files-2.1\org.jetbrains.kotlin\kotlin-compiler-embeddable\1.5.30\3362a354066df1578a057c200da23cf2a1d8144f\kotlin-compiler-embeddable-1.5.30.jar;C:\Users\nickpetrov\.gradle\caches\modules-2\files-2.1\org.jetbrains.kotlin\kotlin-reflect\1.5.30\6773e974437dd6432aa646cc2f8ab71de42b5773\kotlin-reflect-1.5.30.jar;C:\Users\nickpetrov\.gradle\caches\modules-2\files-2.1\org.jetbrains.kotlin\kotlin-stdlib\1.5.30\d68efdea04955974ac1020f8f66ef8176bfbce1f\kotlin-stdlib-1.5.30.jar;C:\Users\nickpetrov\.gradle\caches\modules-2\files-2.1\org.jetbrains.kotlin\kotlin-script-runtime\1.5.30\10697ab20bfd2f1b23baa91306950c36c4e89a8d\kotlin-script-runtime-1.5.30.jar;C:\Users\nickpetrov\.gradle\caches\modules-2\files-2.1\org.jetbrains.kotlin\kotlin-daemon-embeddable\1.5.30\e355dc9011e559a475608265607948109e113ae0\kotlin-daemon-embeddable-1.5.30.jar;C:\Users\nickpetrov\.gradle\caches\modules-2\files-2.1\org.jetbrains.intellij.deps\trove4j\1.0.20181211\216c2e14b070f334479d800987affe4054cd563f\trove4j-1.0.20181211.jar;C:\Users\nickpetrov\.gradle\caches\modules-2\files-2.1\org.jetbrains\annotations\13.0\919f0dfe192fb4e063e7dacadee7f8bb9a2672a9\annotations-13.0.jar;C:\Users\nickpetrov\.gradle\caches\modules-2\files-2.1\org.jetbrains.kotlin\kotlin-stdlib-common\1.5.30\649ffab7767038323fec0cc41e2d7b0a8f65a378\kotlin-stdlib-common-1.5.30.jar
Launcher Type: SUN_STANDARD

[Global flags]
     intx CICompilerCount                          = 4                                         {product} {ergonomic}
     uint ConcGCThreads                            = 2                                         {product} {ergonomic}
     uint G1ConcRefinementThreads                  = 8                                         {product} {ergonomic}
   size_t G1HeapRegionSize                         = 1048576                                   {product} {ergonomic}
    uintx GCDrainStackTargetSize                   = 64                                        {product} {ergonomic}
   size_t InitialHeapSize                          = 333447168                                 {product} {ergonomic}
   size_t MarkStackSize                            = 4194304                                   {product} {ergonomic}
   size_t MaxHeapSize                              = 5328863232                                {product} {ergonomic}
   size_t MinHeapDeltaBytes                        = 1048576                                   {product} {ergonomic}
    uintx NonNMethodCodeHeapSize                   = 5836300                                {pd product} {ergonomic}
    uintx NonProfiledCodeHeapSize                  = 122910970                              {pd product} {ergonomic}
    uintx ProfiledCodeHeapSize                     = 122910970                              {pd product} {ergonomic}
    uintx ReservedCodeCacheSize                    = 251658240                              {pd product} {ergonomic}
     bool SegmentedCodeCache                       = true                                      {product} {ergonomic}
     bool UseCompressedClassPointers               = true                                 {lp64_product} {ergonomic}
     bool UseCompressedOops                        = true                                 {lp64_product} {ergonomic}
     bool UseG1GC                                  = true                                      {product} {ergonomic}
     bool UseLargePagesIndividualAllocation        = false                                  {pd product} {ergonomic}

Logging:
Log output configuration:
 #0: stdout all=warning uptime,level,tags
 #1: stderr all=off uptime,level,tags

Environment Variables:
JAVA_HOME=C:\Program Files\Android\Android Studio\jre
CLASSPATH=E:\Room4\TrackCalories\nutritionx\android\\gradle\wrapper\gradle-wrapper.jar
PATH=E:\Room4\TrackCalories\nutritionx\android\node_modules\.bin;E:\Room4\TrackCalories\nutritionx\node_modules\.bin;E:\Room4\TrackCalories\node_modules\.bin;E:\Room4\node_modules\.bin;E:\node_modules\.bin;C:\Program Files\nodejs;C:\Users\NICKPE~1\AppData\Local\Temp\yarn--1665407954154-0.7794216626606567;E:\Room4\TrackCalories\nutritionx\node_modules\.bin;C:\Users\nickpetrov\AppData\Local\Yarn\Data\link\node_modules\.bin;C:\Users\nickpetrov\AppData\Local\Yarn\bin;C:\Program Files\libexec\lib\node_modules\npm\bin\node-gyp-bin;C:\Program Files\lib\node_modules\npm\bin\node-gyp-bin;C:\Program Files\nodejs\node_modules\npm\bin\node-gyp-bin;C:\Python310\Scripts\;C:\Python310\;C:\Program Files\Common Files\Oracle\Java\javapath;C:\Program Files (x86)\Common Files\Oracle\Java\javapath;C:\Windows\system32;C:\Windows;C:\Windows\System32\Wbem;C:\Windows\System32\WindowsPowerShell\v1.0\;C:\Windows\System32\OpenSSH\;E:\sonarqube-code-quality\sonar-scanner\bin;C:\Program Files (x86)\NVIDIA Corporation\PhysX\Common;C:\Program Files\NVIDIA Corporation\NVIDIA NvDLISR;C:\Program Files\Git\cmd;E:\Open server\OSPanel\modules\php\PHP_7.3-x64;C:\ProgramData\ComposerSetup\bin;C:\Users\nickpetrov\AppData\Roaming\nvm;C:\Program Files\nodejs;C:\Users\neval\AppData\Local\Android\Sdk\platform-tools;C:\Users\neval\AppData\Local\Android\Sdk\emulator;C:\ProgramData\chocolatey\bin;C:\Program Files\OpenJDK\openjdk-8u275-b01\bin;C:\WINDOWS\system32;C:\WINDOWS;C:\WINDOWS\System32\Wbem;C:\WINDOWS\System32\WindowsPowerShell\v1.0\;C:\WINDOWS\System32\OpenSSH\;C:\Program Files\Docker\Docker\resources\bin;C:\ProgramData\DockerDesktop\version-bin;C:\Program Files\Java\jdk-11.0.13\bin;E:\sonarqube-code-quality\sonar-scanner\bin;;C:\Users\nickpetrov\AppData\Local\Android\Sdk\emulator;C:\Users\nickpetrov\AppData\Local\Microsoft\WindowsApps;C:\Users\nickpetrov\AppData\Local\Programs\Microsoft VS Code\bin;C:\Users\nickpetrov\AppData\Roaming\npm;C:\Users\nickpetrov\AppData\Roaming\nvm;C:\Program Files\nodejs
USERNAME=nickpetrov
LANG=ru_RU.UTF-8
OS=Windows_NT
PROCESSOR_IDENTIFIER=Intel64 Family 6 Model 142 Stepping 12, GenuineIntel



---------------  S Y S T E M  ---------------

OS: Windows 10 , 64 bit Build 19041 (10.0.19041.1889)
OS uptime: 0 days 7:47 hours
Hyper-V role detected

CPU:total 8 (initial active 8) (4 cores per cpu, 2 threads per core) family 6 model 142 stepping 12 microcode 0xb8, cmov, cx8, fxsr, mmx, sse, sse2, sse3, ssse3, sse4.1, sse4.2, popcnt, avx, avx2, aes, clmul, erms, 3dnowpref, lzcnt, ht, tsc, tscinvbit, bmi1, bmi2, adx, fma

Memory: 4k page, system-wide physical 20327M (3442M free)
TotalPageFile size 22375M (AvailPageFile size 99M)
current process WorkingSet (physical memory assigned to process): 11M, peak: 11M
current process commit charge ("private bytes"): 61M, peak: 379M

vm_info: OpenJDK 64-Bit Server VM (11.0.11+9-b60-7590822) for windows-amd64 JRE (11.0.11+9-b60-7590822), built on Jul 29 2021 21:43:44 by "builder" with MS VC++ 14.0 (VS2015)

END.
